#
# There is insufficient memory for the Java Runtime Environment to continue.
# Native memory allocation (malloc) failed to allocate 1048576 bytes for AllocateHeap
# Possible reasons:
#   The system is out of physical RAM or swap space
#   The process is running with CompressedOops enabled, and the Java Heap may be blocking the growth of the native heap
# Possible solutions:
#   Reduce memory load on the system
#   Increase physical memory or swap space
#   Check if swap backing store is full
#   Decrease Java heap size (-Xmx/-Xms)
#   Decrease number of Java threads
#   Decrease Java thread stack sizes (-Xss)
#   Set larger code cache with -XX:ReservedCodeCacheSize=
#   JVM is running with Unscaled Compressed Oops mode in which the Java heap is
#     placed in the first 4GB address space. The Java Heap base address is the
#     maximum limit for the native heap growth. Please use -XX:HeapBaseMinAddress
#     to set the Java Heap base and to place the Java Heap above 4GB virtual address.
# This output file may be truncated or incomplete.
#
#  Out of Memory Error (./open/src/hotspot/share/memory/allocation.cpp:46), pid=3064, tid=11952
#
# JRE version: Java(TM) SE Runtime Environment 18.9 (11.0.10+8) (build 11.0.10+8-LTS-162)
# Java VM: Java HotSpot(TM) 64-Bit Server VM 18.9 (11.0.10+8-LTS-162, mixed mode, tiered, compressed oops, g1 gc, windows-amd64)
# No core dump will be written. Minidumps are not enabled by default on client versions of Windows
#

---------------  S U M M A R Y ------------

Command Line: -XX:TieredStopAtLevel=1 -Xverify:none -Dspring.output.ansi.enabled=always -Dcom.sun.management.jmxremote -Dspring.jmx.enabled=true -Dspring.liveBeansView.mbeanDomain -Dspring.application.admin.enabled=true -javaagent:C:\Program Files\JetBrains\IntelliJ IDEA 2020.2\lib\idea_rt.jar=2819:C:\Program Files\JetBrains\IntelliJ IDEA 2020.2\bin -Dfile.encoding=UTF-8 com.brtvsk.lab4.Lab4Application

Host: Intel(R) Core(TM) i5-8250U CPU @ 1.60GHz, 8 cores, 7G,  Windows 10 , 64 bit Build 19041 (10.0.19041.804)
Time: Thu Apr  1 12:52:42 2021 FLE Summer Time elapsed time: 4.139107 seconds (0d 0h 0m 4s)

---------------  T H R E A D  ---------------

Current thread (0x000001fdca01b000):  VMThread "VM Thread" [stack: 0x000000c3d9600000,0x000000c3d9700000] [id=11952]

Stack: [0x000000c3d9600000,0x000000c3d9700000]
[error occurred during error reporting (printing stack bounds), id 0xc0000005, EXCEPTION_ACCESS_VIOLATION (0xc0000005) at pc=0x000001fdb3760f2d]

Native frames: (J=compiled Java code, j=interpreted, Vv=VM code, C=native code)
V  [jvm.dll+0x613e6a]
V  [jvm.dll+0x74c1ff]
V  [jvm.dll+0x74d885]
V  [jvm.dll+0x74de65]
V  [jvm.dll+0x74de1b]
V  [jvm.dll+0x6136a3]
V  [jvm.dll+0x613a68]
C  [ntdll.dll+0xa1f6f]
C  [ntdll.dll+0x51454]
C  [ntdll.dll+0xa0a9e]
C  0x000001fdb3760f2d

VM_Operation (0x000000c3d90fa8b0): CollectForMetadataAllocation, mode: safepoint, requested by thread 0x000001fdab2d8000


---------------  P R O C E S S  ---------------

Threads class SMR info:
_java_thread_list=0x000001fdcc0314e0, length=13, elements={
0x000001fdab2d8000, 0x000001fdca01f800, 0x000001fdca029800, 0x000001fdca038000,
0x000001fdca039000, 0x000001fdca03a800, 0x000001fdca044800, 0x000001fdc9fb4000,
0x000001fdcae73800, 0x000001fdcae74800, 0x000001fdcb038000, 0x000001fdcb1ab800,
0x000001fdcb1a2800
}

Java Threads: ( => current thread )
  0x000001fdab2d8000 JavaThread "main" [_thread_blocked, id=12856, stack(0x000000c3d9000000,0x000000c3d9100000)]
  0x000001fdca01f800 JavaThread "Reference Handler" daemon [_thread_blocked, id=16220, stack(0x000000c3d9700000,0x000000c3d9800000)]
  0x000001fdca029800 JavaThread "Finalizer" daemon [_thread_blocked, id=17008, stack(0x000000c3d9800000,0x000000c3d9900000)]
  0x000001fdca038000 JavaThread "Signal Dispatcher" daemon [_thread_blocked, id=6432, stack(0x000000c3d9900000,0x000000c3d9a00000)]
  0x000001fdca039000 JavaThread "Attach Listener" daemon [_thread_blocked, id=10580, stack(0x000000c3d9a00000,0x000000c3d9b00000)]
  0x000001fdca03a800 JavaThread "C1 CompilerThread0" daemon [_thread_blocked, id=17760, stack(0x000000c3d9b00000,0x000000c3d9c00000)]
  0x000001fdca044800 JavaThread "Sweeper thread" daemon [_thread_blocked, id=10212, stack(0x000000c3d9c00000,0x000000c3d9d00000)]
  0x000001fdc9fb4000 JavaThread "Common-Cleaner" daemon [_thread_blocked, id=7344, stack(0x000000c3d9d00000,0x000000c3d9e00000)]
  0x000001fdcae73800 JavaThread "Monitor Ctrl-Break" daemon [_thread_in_native, id=10868, stack(0x000000c3d9e00000,0x000000c3d9f00000)]
  0x000001fdcae74800 JavaThread "Service Thread" daemon [_thread_blocked, id=4880, stack(0x000000c3d9f00000,0x000000c3da000000)]
  0x000001fdcb038000 JavaThread "RMI TCP Accept-0" daemon [_thread_in_native, id=1812, stack(0x000000c3da000000,0x000000c3da100000)]
  0x000001fdcb1ab800 JavaThread "RMI TCP Connection(1)-192.168.80.1" daemon [_thread_blocked, id=13960, stack(0x000000c3da500000,0x000000c3da600000)]
  0x000001fdcb1a2800 JavaThread "RMI Scheduler(0)" daemon [_thread_blocked, id=14416, stack(0x000000c3da600000,0x000000c3da700000)]

Other Threads:
=>0x000001fdca01b000 VMThread "VM Thread" [stack: 0x000000c3d9600000,0x000000c3d9700000] [id=11952]
  0x000001fdcb03d800 WatcherThread [stack: 0x000000c3da100000,0x000000c3da200000] [id=14660]
  0x000001fdab2ee800 GCTaskThread "GC Thread#0" [stack: 0x000000c3d9100000,0x000000c3d9200000] [id=4728]
  0x000001fdcb18c800 GCTaskThread "GC Thread#1" [stack: 0x000000c3da200000,0x000000c3da300000] [id=10236]
  0x000001fdcb18d000 GCTaskThread "GC Thread#2" [stack: 0x000000c3da300000,0x000000c3da400000] [id=7812]
  0x000001fdcc11b000 GCTaskThread "GC Thread#3" [stack: 0x000000c3da800000,0x000000c3da900000] [id=17168]
  0x000001fdab31e800 ConcurrentGCThread "G1 Main Marker" [stack: 0x000000c3d9200000,0x000000c3d9300000] [id=16324]
  0x000001fdab320000 ConcurrentGCThread "G1 Conc#0" [stack: 0x000000c3d9300000,0x000000c3d9400000] [id=16052]
  0x000001fdcc120000 ConcurrentGCThread "G1 Conc#1" [stack: 0x000000c3da900000,0x000000c3daa00000] [id=15444]
  0x000001fdc9e66800 ConcurrentGCThread "G1 Refine#0" [stack: 0x000000c3d9400000,0x000000c3d9500000] [id=12760]
  0x000001fdcad43000 ConcurrentGCThread "G1 Refine#1" [stack: 0x000000c3da400000,0x000000c3da500000] [id=11996]
  0x000001fdc9e67000 ConcurrentGCThread "G1 Young RemSet Sampling" [stack: 0x000000c3d9500000,0x000000c3d9600000] [id=16312]

Threads with active compile tasks:

VM state:at safepoint (normal execution)

VM Mutex/Monitor currently owned by a thread:  ([mutex/lock_event])
[0x000001fdab2d3c60] Threads_lock - owner thread: 0x000001fdca01b000
[0x000001fdab2d5520] Heap_lock - owner thread: 0x000001fdab2d8000

Heap address: 0x0000000081c00000, size: 2020 MB, Compressed Oops mode: 32-bit
Narrow klass base: 0x0000000000000000, Narrow klass shift: 3
Compressed class space size: 1073741824 Address: 0x0000000100000000

Heap:
 garbage-first heap   total 131072K, used 14070K [0x0000000081c00000, 0x0000000100000000)
  region size 1024K, 5 young (5120K), 5 survivors (5120K)
 Metaspace       used 29953K, capacity 31025K, committed 31104K, reserved 1085440K
  class space    used 3738K, capacity 4197K, committed 4224K, reserved 1048576K
Heap Regions: E=young(eden), S=young(survivor), O=old, HS=humongous(starts), HC=humongous(continues), CS=collection set, F=free, A=archive, TAMS=top-at-mark-start (previous, next)
|   0|0x0000000081c00000, 0x0000000081d00000, 0x0000000081d00000|100%|HS|  |TAMS 0x0000000081d00000, 0x0000000081d00000| Complete 
|   1|0x0000000081d00000, 0x0000000081e00000, 0x0000000081e00000|100%| O|  |TAMS 0x0000000081e00000, 0x0000000081e00000| Untracked 
|   2|0x0000000081e00000, 0x0000000081f00000, 0x0000000081f00000|100%| O|  |TAMS 0x0000000081f00000, 0x0000000081f00000| Untracked 
|   3|0x0000000081f00000, 0x0000000082000000, 0x0000000082000000|100%| O|  |TAMS 0x0000000082000000, 0x0000000082000000| Untracked 
|   4|0x0000000082000000, 0x0000000082100000, 0x0000000082100000|100%| O|  |TAMS 0x0000000082100000, 0x0000000082100000| Untracked 
|   5|0x0000000082100000, 0x0000000082200000, 0x0000000082200000|100%| O|  |TAMS 0x0000000082200000, 0x0000000082200000| Untracked 
|   6|0x0000000082200000, 0x0000000082300000, 0x0000000082300000|100%| O|  |TAMS 0x0000000082300000, 0x0000000082300000| Untracked 
|   7|0x0000000082300000, 0x0000000082400000, 0x0000000082400000|100%| O|  |TAMS 0x0000000082390400, 0x0000000082400000| Untracked 
|   8|0x0000000082400000, 0x00000000824d7800, 0x0000000082500000| 84%| O|  |TAMS 0x0000000082400000, 0x00000000824d7800| Untracked 
|   9|0x0000000082500000, 0x0000000082500000, 0x0000000082600000|  0%| F|  |TAMS 0x0000000082500000, 0x0000000082500000| Untracked 
|  10|0x0000000082600000, 0x0000000082600000, 0x0000000082700000|  0%| F|  |TAMS 0x0000000082600000, 0x0000000082600000| Untracked 
|  11|0x0000000082700000, 0x0000000082700000, 0x0000000082800000|  0%| F|  |TAMS 0x0000000082700000, 0x0000000082700000| Untracked 
|  12|0x0000000082800000, 0x0000000082800000, 0x0000000082900000|  0%| F|  |TAMS 0x0000000082800000, 0x0000000082800000| Untracked 
|  13|0x0000000082900000, 0x0000000082900000, 0x0000000082a00000|  0%| F|  |TAMS 0x0000000082900000, 0x0000000082900000| Untracked 
|  14|0x0000000082a00000, 0x0000000082a00000, 0x0000000082b00000|  0%| F|  |TAMS 0x0000000082a00000, 0x0000000082a00000| Untracked 
|  15|0x0000000082b00000, 0x0000000082b00000, 0x0000000082c00000|  0%| F|  |TAMS 0x0000000082b00000, 0x0000000082b00000| Untracked 
|  16|0x0000000082c00000, 0x0000000082c00000, 0x0000000082d00000|  0%| F|  |TAMS 0x0000000082c00000, 0x0000000082c00000| Untracked 
|  17|0x0000000082d00000, 0x0000000082d00000, 0x0000000082e00000|  0%| F|  |TAMS 0x0000000082d00000, 0x0000000082d00000| Untracked 
|  18|0x0000000082e00000, 0x0000000082e00000, 0x0000000082f00000|  0%| F|  |TAMS 0x0000000082e00000, 0x0000000082e00000| Untracked 
|  19|0x0000000082f00000, 0x0000000082f00000, 0x0000000083000000|  0%| F|  |TAMS 0x0000000082f00000, 0x0000000082f00000| Untracked 
|  20|0x0000000083000000, 0x0000000083000000, 0x0000000083100000|  0%| F|  |TAMS 0x0000000083000000, 0x0000000083000000| Untracked 
|  21|0x0000000083100000, 0x0000000083100000, 0x0000000083200000|  0%| F|  |TAMS 0x0000000083100000, 0x0000000083100000| Untracked 
|  22|0x0000000083200000, 0x0000000083200000, 0x0000000083300000|  0%| F|  |TAMS 0x0000000083200000, 0x0000000083200000| Untracked 
|  23|0x0000000083300000, 0x0000000083300000, 0x0000000083400000|  0%| F|  |TAMS 0x0000000083300000, 0x0000000083300000| Untracked 
|  24|0x0000000083400000, 0x0000000083400000, 0x0000000083500000|  0%| F|  |TAMS 0x0000000083400000, 0x0000000083400000| Untracked 
|  25|0x0000000083500000, 0x0000000083500000, 0x0000000083600000|  0%| F|  |TAMS 0x0000000083500000, 0x0000000083500000| Untracked 
|  26|0x0000000083600000, 0x0000000083600000, 0x0000000083700000|  0%| F|  |TAMS 0x0000000083600000, 0x0000000083600000| Untracked 
|  27|0x0000000083700000, 0x0000000083700000, 0x0000000083800000|  0%| F|  |TAMS 0x0000000083700000, 0x0000000083700000| Untracked 
|  28|0x0000000083800000, 0x0000000083800000, 0x0000000083900000|  0%| F|  |TAMS 0x0000000083800000, 0x0000000083800000| Untracked 
|  29|0x0000000083900000, 0x0000000083900000, 0x0000000083a00000|  0%| F|  |TAMS 0x0000000083900000, 0x0000000083900000| Untracked 
|  30|0x0000000083a00000, 0x0000000083a00000, 0x0000000083b00000|  0%| F|  |TAMS 0x0000000083a00000, 0x0000000083a00000| Untracked 
|  31|0x0000000083b00000, 0x0000000083b00000, 0x0000000083c00000|  0%| F|  |TAMS 0x0000000083b00000, 0x0000000083b00000| Untracked 
|  32|0x0000000083c00000, 0x0000000083c00000, 0x0000000083d00000|  0%| F|  |TAMS 0x0000000083c00000, 0x0000000083c00000| Untracked 
|  33|0x0000000083d00000, 0x0000000083d00000, 0x0000000083e00000|  0%| F|  |TAMS 0x0000000083d00000, 0x0000000083d00000| Untracked 
|  34|0x0000000083e00000, 0x0000000083e00000, 0x0000000083f00000|  0%| F|  |TAMS 0x0000000083e00000, 0x0000000083e00000| Untracked 
|  35|0x0000000083f00000, 0x0000000083f00000, 0x0000000084000000|  0%| F|  |TAMS 0x0000000083f00000, 0x0000000083f00000| Untracked 
|  36|0x0000000084000000, 0x0000000084000000, 0x0000000084100000|  0%| F|  |TAMS 0x0000000084000000, 0x0000000084000000| Untracked 
|  37|0x0000000084100000, 0x0000000084100000, 0x0000000084200000|  0%| F|  |TAMS 0x0000000084100000, 0x0000000084100000| Untracked 
|  38|0x0000000084200000, 0x0000000084200000, 0x0000000084300000|  0%| F|  |TAMS 0x0000000084200000, 0x0000000084200000| Untracked 
|  39|0x0000000084300000, 0x0000000084300000, 0x0000000084400000|  0%| F|  |TAMS 0x0000000084300000, 0x0000000084300000| Untracked 
|  40|0x0000000084400000, 0x0000000084400000, 0x0000000084500000|  0%| F|  |TAMS 0x0000000084400000, 0x0000000084400000| Untracked 
|  41|0x0000000084500000, 0x0000000084500000, 0x0000000084600000|  0%| F|  |TAMS 0x0000000084500000, 0x0000000084500000| Untracked 
|  42|0x0000000084600000, 0x0000000084600000, 0x0000000084700000|  0%| F|  |TAMS 0x0000000084600000, 0x0000000084600000| Untracked 
|  43|0x0000000084700000, 0x0000000084700000, 0x0000000084800000|  0%| F|  |TAMS 0x0000000084700000, 0x0000000084700000| Untracked 
|  44|0x0000000084800000, 0x0000000084800000, 0x0000000084900000|  0%| F|  |TAMS 0x0000000084800000, 0x0000000084800000| Untracked 
|  45|0x0000000084900000, 0x0000000084900000, 0x0000000084a00000|  0%| F|  |TAMS 0x0000000084900000, 0x0000000084900000| Untracked 
|  46|0x0000000084a00000, 0x0000000084a00000, 0x0000000084b00000|  0%| F|  |TAMS 0x0000000084a00000, 0x0000000084a00000| Untracked 
|  47|0x0000000084b00000, 0x0000000084b00000, 0x0000000084c00000|  0%| F|  |TAMS 0x0000000084b00000, 0x0000000084b00000| Untracked 
|  48|0x0000000084c00000, 0x0000000084c00000, 0x0000000084d00000|  0%| F|  |TAMS 0x0000000084c00000, 0x0000000084c00000| Untracked 
|  49|0x0000000084d00000, 0x0000000084d00000, 0x0000000084e00000|  0%| F|  |TAMS 0x0000000084d00000, 0x0000000084d00000| Untracked 
|  50|0x0000000084e00000, 0x0000000084e00000, 0x0000000084f00000|  0%| F|  |TAMS 0x0000000084e00000, 0x0000000084e00000| Untracked 
|  51|0x0000000084f00000, 0x0000000084f00000, 0x0000000085000000|  0%| F|  |TAMS 0x0000000084f00000, 0x0000000084f00000| Untracked 
|  52|0x0000000085000000, 0x0000000085000000, 0x0000000085100000|  0%| F|  |TAMS 0x0000000085000000, 0x0000000085000000| Untracked 
|  53|0x0000000085100000, 0x0000000085100000, 0x0000000085200000|  0%| F|  |TAMS 0x0000000085100000, 0x0000000085100000| Untracked 
|  54|0x0000000085200000, 0x0000000085200000, 0x0000000085300000|  0%| F|  |TAMS 0x0000000085200000, 0x0000000085200000| Untracked 
|  55|0x0000000085300000, 0x0000000085300000, 0x0000000085400000|  0%| F|  |TAMS 0x0000000085300000, 0x0000000085300000| Untracked 
|  56|0x0000000085400000, 0x0000000085400000, 0x0000000085500000|  0%| F|  |TAMS 0x0000000085400000, 0x0000000085400000| Untracked 
|  57|0x0000000085500000, 0x0000000085500000, 0x0000000085600000|  0%| F|  |TAMS 0x0000000085500000, 0x0000000085500000| Untracked 
|  58|0x0000000085600000, 0x0000000085600000, 0x0000000085700000|  0%| F|  |TAMS 0x0000000085600000, 0x0000000085600000| Untracked 
|  59|0x0000000085700000, 0x0000000085700000, 0x0000000085800000|  0%| F|  |TAMS 0x0000000085700000, 0x0000000085700000| Untracked 
|  60|0x0000000085800000, 0x0000000085800000, 0x0000000085900000|  0%| F|  |TAMS 0x0000000085800000, 0x0000000085800000| Untracked 
|  61|0x0000000085900000, 0x0000000085900000, 0x0000000085a00000|  0%| F|  |TAMS 0x0000000085900000, 0x0000000085900000| Untracked 
|  62|0x0000000085a00000, 0x0000000085a00000, 0x0000000085b00000|  0%| F|  |TAMS 0x0000000085a00000, 0x0000000085a00000| Untracked 
|  63|0x0000000085b00000, 0x0000000085b00000, 0x0000000085c00000|  0%| F|  |TAMS 0x0000000085b00000, 0x0000000085b00000| Untracked 
|  64|0x0000000085c00000, 0x0000000085c00000, 0x0000000085d00000|  0%| F|  |TAMS 0x0000000085c00000, 0x0000000085c00000| Untracked 
|  65|0x0000000085d00000, 0x0000000085d00000, 0x0000000085e00000|  0%| F|  |TAMS 0x0000000085d00000, 0x0000000085d00000| Untracked 
|  66|0x0000000085e00000, 0x0000000085e00000, 0x0000000085f00000|  0%| F|  |TAMS 0x0000000085e00000, 0x0000000085e00000| Untracked 
|  67|0x0000000085f00000, 0x0000000085f00000, 0x0000000086000000|  0%| F|  |TAMS 0x0000000085f00000, 0x0000000085f00000| Untracked 
|  68|0x0000000086000000, 0x0000000086000000, 0x0000000086100000|  0%| F|  |TAMS 0x0000000086000000, 0x0000000086000000| Untracked 
|  69|0x0000000086100000, 0x0000000086100000, 0x0000000086200000|  0%| F|  |TAMS 0x0000000086100000, 0x0000000086100000| Untracked 
|  70|0x0000000086200000, 0x0000000086200000, 0x0000000086300000|  0%| F|  |TAMS 0x0000000086200000, 0x0000000086200000| Untracked 
|  71|0x0000000086300000, 0x0000000086300000, 0x0000000086400000|  0%| F|  |TAMS 0x0000000086300000, 0x0000000086300000| Untracked 
|  72|0x0000000086400000, 0x0000000086400000, 0x0000000086500000|  0%| F|  |TAMS 0x0000000086400000, 0x0000000086400000| Untracked 
|  73|0x0000000086500000, 0x0000000086500000, 0x0000000086600000|  0%| F|  |TAMS 0x0000000086500000, 0x0000000086500000| Untracked 
|  74|0x0000000086600000, 0x0000000086600000, 0x0000000086700000|  0%| F|  |TAMS 0x0000000086600000, 0x0000000086600000| Untracked 
|  75|0x0000000086700000, 0x0000000086700000, 0x0000000086800000|  0%| F|  |TAMS 0x0000000086700000, 0x0000000086700000| Untracked 
|  76|0x0000000086800000, 0x0000000086800000, 0x0000000086900000|  0%| F|  |TAMS 0x0000000086800000, 0x0000000086800000| Untracked 
|  77|0x0000000086900000, 0x0000000086900000, 0x0000000086a00000|  0%| F|  |TAMS 0x0000000086900000, 0x0000000086900000| Untracked 
|  78|0x0000000086a00000, 0x0000000086a00000, 0x0000000086b00000|  0%| F|  |TAMS 0x0000000086a00000, 0x0000000086a00000| Untracked 
|  79|0x0000000086b00000, 0x0000000086b00000, 0x0000000086c00000|  0%| F|  |TAMS 0x0000000086b00000, 0x0000000086b00000| Untracked 
|  80|0x0000000086c00000, 0x0000000086c00000, 0x0000000086d00000|  0%| F|  |TAMS 0x0000000086c00000, 0x0000000086c00000| Untracked 
|  81|0x0000000086d00000, 0x0000000086d00000, 0x0000000086e00000|  0%| F|  |TAMS 0x0000000086d00000, 0x0000000086d00000| Untracked 
|  82|0x0000000086e00000, 0x0000000086e00000, 0x0000000086f00000|  0%| F|  |TAMS 0x0000000086e00000, 0x0000000086e00000| Untracked 
|  83|0x0000000086f00000, 0x0000000086f00000, 0x0000000087000000|  0%| F|  |TAMS 0x0000000086f00000, 0x0000000086f00000| Untracked 
|  84|0x0000000087000000, 0x0000000087000000, 0x0000000087100000|  0%| F|  |TAMS 0x0000000087000000, 0x0000000087000000| Untracked 
|  85|0x0000000087100000, 0x0000000087100000, 0x0000000087200000|  0%| F|  |TAMS 0x0000000087100000, 0x0000000087100000| Untracked 
|  86|0x0000000087200000, 0x0000000087200000, 0x0000000087300000|  0%| F|  |TAMS 0x0000000087200000, 0x0000000087200000| Untracked 
|  87|0x0000000087300000, 0x0000000087300000, 0x0000000087400000|  0%| F|  |TAMS 0x0000000087300000, 0x0000000087300000| Untracked 
|  88|0x0000000087400000, 0x0000000087400000, 0x0000000087500000|  0%| F|  |TAMS 0x0000000087400000, 0x0000000087400000| Untracked 
|  89|0x0000000087500000, 0x0000000087500000, 0x0000000087600000|  0%| F|  |TAMS 0x0000000087500000, 0x0000000087500000| Untracked 
|  90|0x0000000087600000, 0x0000000087600000, 0x0000000087700000|  0%| F|  |TAMS 0x0000000087600000, 0x0000000087600000| Untracked 
|  91|0x0000000087700000, 0x0000000087700000, 0x0000000087800000|  0%| F|  |TAMS 0x0000000087700000, 0x0000000087700000| Untracked 
|  92|0x0000000087800000, 0x0000000087800000, 0x0000000087900000|  0%| F|  |TAMS 0x0000000087800000, 0x0000000087800000| Untracked 
|  93|0x0000000087900000, 0x0000000087900000, 0x0000000087a00000|  0%| F|  |TAMS 0x0000000087900000, 0x0000000087900000| Untracked 
|  94|0x0000000087a00000, 0x0000000087a00000, 0x0000000087b00000|  0%| F|  |TAMS 0x0000000087a00000, 0x0000000087a00000| Untracked 
|  95|0x0000000087b00000, 0x0000000087b00000, 0x0000000087c00000|  0%| F|  |TAMS 0x0000000087b00000, 0x0000000087b00000| Untracked 
|  96|0x0000000087c00000, 0x0000000087c00000, 0x0000000087d00000|  0%| F|  |TAMS 0x0000000087c00000, 0x0000000087c00000| Untracked 
|  97|0x0000000087d00000, 0x0000000087d00000, 0x0000000087e00000|  0%| F|  |TAMS 0x0000000087d00000, 0x0000000087d00000| Untracked 
|  98|0x0000000087e00000, 0x0000000087e00000, 0x0000000087f00000|  0%| F|  |TAMS 0x0000000087e00000, 0x0000000087e00000| Untracked 
|  99|0x0000000087f00000, 0x0000000087f00000, 0x0000000088000000|  0%| F|  |TAMS 0x0000000087f00000, 0x0000000087f00000| Untracked 
| 100|0x0000000088000000, 0x0000000088000000, 0x0000000088100000|  0%| F|  |TAMS 0x0000000088000000, 0x0000000088000000| Untracked 
| 101|0x0000000088100000, 0x0000000088100000, 0x0000000088200000|  0%| F|  |TAMS 0x0000000088100000, 0x0000000088100000| Untracked 
| 102|0x0000000088200000, 0x0000000088200000, 0x0000000088300000|  0%| F|  |TAMS 0x0000000088200000, 0x0000000088200000| Untracked 
| 103|0x0000000088300000, 0x0000000088300000, 0x0000000088400000|  0%| F|  |TAMS 0x0000000088300000, 0x0000000088300000| Untracked 
| 104|0x0000000088400000, 0x0000000088400000, 0x0000000088500000|  0%| F|  |TAMS 0x0000000088400000, 0x0000000088400000| Untracked 
| 105|0x0000000088500000, 0x0000000088500000, 0x0000000088600000|  0%| F|  |TAMS 0x0000000088500000, 0x0000000088500000| Untracked 
| 106|0x0000000088600000, 0x0000000088600000, 0x0000000088700000|  0%| F|  |TAMS 0x0000000088600000, 0x0000000088600000| Untracked 
| 107|0x0000000088700000, 0x0000000088700000, 0x0000000088800000|  0%| F|  |TAMS 0x0000000088700000, 0x0000000088700000| Untracked 
| 108|0x0000000088800000, 0x0000000088800000, 0x0000000088900000|  0%| F|  |TAMS 0x0000000088800000, 0x0000000088800000| Untracked 
| 109|0x0000000088900000, 0x0000000088900000, 0x0000000088a00000|  0%| F|  |TAMS 0x0000000088900000, 0x0000000088900000| Untracked 
| 110|0x0000000088a00000, 0x0000000088a00000, 0x0000000088b00000|  0%| F|  |TAMS 0x0000000088a00000, 0x0000000088a00000| Untracked 
| 111|0x0000000088b00000, 0x0000000088b00000, 0x0000000088c00000|  0%| F|  |TAMS 0x0000000088b00000, 0x0000000088b00000| Untracked 
| 112|0x0000000088c00000, 0x0000000088c00000, 0x0000000088d00000|  0%| F|  |TAMS 0x0000000088c00000, 0x0000000088c00000| Untracked 
| 113|0x0000000088d00000, 0x0000000088d00000, 0x0000000088e00000|  0%| F|  |TAMS 0x0000000088d00000, 0x0000000088d00000| Untracked 
| 114|0x0000000088e00000, 0x0000000088ee6088, 0x0000000088f00000| 89%| S|CS|TAMS 0x0000000088e00000, 0x0000000088e00000| Complete 
| 115|0x0000000088f00000, 0x0000000089000000, 0x0000000089000000|100%| S|CS|TAMS 0x0000000088f00000, 0x0000000088f00000| Complete 
| 116|0x0000000089000000, 0x0000000089100000, 0x0000000089100000|100%| S|CS|TAMS 0x0000000089000000, 0x0000000089000000| Complete 
| 117|0x0000000089100000, 0x0000000089200000, 0x0000000089200000|100%| S|CS|TAMS 0x0000000089100000, 0x0000000089100000| Complete 
| 118|0x0000000089200000, 0x0000000089300000, 0x0000000089300000|100%| S|CS|TAMS 0x0000000089200000, 0x0000000089200000| Complete 
| 119|0x0000000089300000, 0x0000000089300000, 0x0000000089400000|  0%| F|  |TAMS 0x0000000089300000, 0x0000000089300000| Untracked 
| 120|0x0000000089400000, 0x0000000089400000, 0x0000000089500000|  0%| F|  |TAMS 0x0000000089400000, 0x0000000089400000| Untracked 
| 121|0x0000000089500000, 0x0000000089500000, 0x0000000089600000|  0%| F|  |TAMS 0x0000000089500000, 0x0000000089500000| Untracked 
| 122|0x0000000089600000, 0x0000000089600000, 0x0000000089700000|  0%| F|  |TAMS 0x0000000089600000, 0x0000000089600000| Untracked 
| 123|0x0000000089700000, 0x0000000089700000, 0x0000000089800000|  0%| F|  |TAMS 0x0000000089700000, 0x0000000089700000| Untracked 
| 124|0x0000000089800000, 0x0000000089800000, 0x0000000089900000|  0%| F|  |TAMS 0x0000000089800000, 0x0000000089800000| Untracked 
| 125|0x0000000089900000, 0x0000000089900000, 0x0000000089a00000|  0%| F|  |TAMS 0x0000000089900000, 0x0000000089900000| Untracked 
| 126|0x0000000089a00000, 0x0000000089a00000, 0x0000000089b00000|  0%| F|  |TAMS 0x0000000089a00000, 0x0000000089a00000| Untracked 
| 127|0x0000000089b00000, 0x0000000089b00000, 0x0000000089c00000|  0%| F|  |TAMS 0x0000000089b00000, 0x0000000089b00000| Untracked 

Card table byte_map: [0x000001fdc2eb0000,0x000001fdc32b0000] _byte_map_base: 0x000001fdc2aa2000

Marking Bits (Prev, Next): (CMBitMap*) 0x000001fdab315da0, (CMBitMap*) 0x000001fdab315d68
 Prev Bits: [0x000001fdc5640000, 0x000001fdc75d0000)
 Next Bits: [0x000001fdc36b0000, 0x000001fdc5640000)

Polling page: 0x000001fda91c0000

Metaspace:

Usage:
  Non-class:     26.20 MB capacity,    25.60 MB ( 98%) used,   493.49 KB (  2%) free+waste,   120.13 KB ( <1%) overhead. 
      Class:      4.10 MB capacity,     3.65 MB ( 89%) used,   397.00 KB (  9%) free+waste,    61.25 KB (  1%) overhead. 
       Both:     30.30 MB capacity,    29.25 MB ( 97%) used,   890.49 KB (  3%) free+waste,   181.38 KB ( <1%) overhead. 

Virtual space:
  Non-class space:       36.00 MB reserved,      26.25 MB ( 73%) committed 
      Class space:        1.00 GB reserved,       4.13 MB ( <1%) committed 
             Both:        1.04 GB reserved,      30.38 MB (  3%) committed 

Chunk freelists:
   Non-Class:  6.50 KB
       Class:  0 bytes
        Both:  6.50 KB

CodeHeap 'non-profiled nmethods': size=238336Kb used=4988Kb max_used=4988Kb free=233347Kb
 bounds [0x000001fdb3ea0000, 0x000001fdb4380000, 0x000001fdc2760000]
CodeHeap 'non-nmethods': size=7424Kb used=1150Kb max_used=1150Kb free=6273Kb
 bounds [0x000001fdb3760000, 0x000001fdb39d0000, 0x000001fdb3ea0000]
 total_blobs=3756 nmethods=3273 adapters=409
 compilation: enabled
              stopped_count=0, restarted_count=0
 full_count=0

Compilation events (10 events):
Event: 4.109 Thread 0x000001fdca03a800 3269       1       org.springframework.core.annotation.MergedAnnotations::from (8 bytes)
Event: 4.109 Thread 0x000001fdca03a800 nmethod 3269 0x000001fdb437d990 code [0x000001fdb437db60, 0x000001fdb437dd88]
Event: 4.109 Thread 0x000001fdca03a800 3270       1       org.springframework.beans.factory.annotation.AutowiredAnnotationBeanPostProcessor::findAutowiredAnnotation (63 bytes)
Event: 4.110 Thread 0x000001fdca03a800 nmethod 3270 0x000001fdb437df10 code [0x000001fdb437e120, 0x000001fdb437e428]
Event: 4.110 Thread 0x000001fdca03a800 3271       1       org.springframework.core.annotation.TypeMappedAnnotations$IsPresent::get (60 bytes)
Event: 4.110 Thread 0x000001fdca03a800 nmethod 3271 0x000001fdb437e690 code [0x000001fdb437e840, 0x000001fdb437ead8]
Event: 4.110 Thread 0x000001fdca03a800 3272       1       org.springframework.core.annotation.AnnotationsProcessor::finish (2 bytes)
Event: 4.110 Thread 0x000001fdca03a800 nmethod 3272 0x000001fdb437ec10 code [0x000001fdb437eda0, 0x000001fdb437ee58]
Event: 4.120 Thread 0x000001fdca03a800 3273       1       jdk.internal.loader.ClassLoaders::platformClassLoader (4 bytes)
Event: 4.120 Thread 0x000001fdca03a800 nmethod 3273 0x000001fdb437ef10 code [0x000001fdb437f0a0, 0x000001fdb437f138]

GC Heap History (10 events):
Event: 2.110 GC heap before
{Heap before GC invocations=1 (full 0):
 garbage-first heap   total 131072K, used 25942K [0x0000000081c00000, 0x0000000100000000)
  region size 1024K, 21 young (21504K), 3 survivors (3072K)
 Metaspace       used 18820K, capacity 19511K, committed 19712K, reserved 1067008K
  class space    used 2198K, capacity 2471K, committed 2560K, reserved 1048576K
}
Event: 2.117 GC heap after
{Heap after GC invocations=2 (full 0):
 garbage-first heap   total 131072K, used 9204K [0x0000000081c00000, 0x0000000100000000)
  region size 1024K, 2 young (2048K), 2 survivors (2048K)
 Metaspace       used 18820K, capacity 19511K, committed 19712K, reserved 1067008K
  class space    used 2198K, capacity 2471K, committed 2560K, reserved 1048576K
}
Event: 2.191 GC heap before
{Heap before GC invocations=2 (full 0):
 garbage-first heap   total 131072K, used 16372K [0x0000000081c00000, 0x0000000100000000)
  region size 1024K, 11 young (11264K), 2 survivors (2048K)
 Metaspace       used 20472K, capacity 21238K, committed 21296K, reserved 1069056K
  class space    used 2392K, capacity 2688K, committed 2688K, reserved 1048576K
}
Event: 2.194 GC heap after
{Heap after GC invocations=3 (full 0):
 garbage-first heap   total 131072K, used 9659K [0x0000000081c00000, 0x0000000100000000)
  region size 1024K, 2 young (2048K), 2 survivors (2048K)
 Metaspace       used 20472K, capacity 21238K, committed 21296K, reserved 1069056K
  class space    used 2392K, capacity 2688K, committed 2688K, reserved 1048576K
}
Event: 2.711 GC heap before
{Heap before GC invocations=4 (full 0):
 garbage-first heap   total 131072K, used 62907K [0x0000000081c00000, 0x0000000100000000)
  region size 1024K, 55 young (56320K), 2 survivors (2048K)
 Metaspace       used 24275K, capacity 25113K, committed 25344K, reserved 1071104K
  class space    used 2896K, capacity 3239K, committed 3328K, reserved 1048576K
}
Event: 2.717 GC heap after
{Heap after GC invocations=5 (full 0):
 garbage-first heap   total 131072K, used 10817K [0x0000000081c00000, 0x0000000100000000)
  region size 1024K, 3 young (3072K), 3 survivors (3072K)
 Metaspace       used 24275K, capacity 25113K, committed 25344K, reserved 1071104K
  class space    used 2896K, capacity 3239K, committed 3328K, reserved 1048576K
}
Event: 3.933 GC heap before
{Heap before GC invocations=5 (full 0):
 garbage-first heap   total 131072K, used 73281K [0x0000000081c00000, 0x0000000100000000)
  region size 1024K, 65 young (66560K), 3 survivors (3072K)
 Metaspace       used 29197K, capacity 30273K, committed 30464K, reserved 1075200K
  class space    used 3609K, capacity 4061K, committed 4096K, reserved 1048576K
}
Event: 3.948 GC heap after
{Heap after GC invocations=6 (full 0):
 garbage-first heap   total 131072K, used 13216K [0x0000000081c00000, 0x0000000100000000)
  region size 1024K, 6 young (6144K), 6 survivors (6144K)
 Metaspace       used 29197K, capacity 30273K, committed 30464K, reserved 1075200K
  class space    used 3609K, capacity 4061K, committed 4096K, reserved 1048576K
}
Event: 4.121 GC heap before
{Heap before GC invocations=6 (full 0):
 garbage-first heap   total 131072K, used 21408K [0x0000000081c00000, 0x0000000100000000)
  region size 1024K, 15 young (15360K), 6 survivors (6144K)
 Metaspace       used 29953K, capacity 31025K, committed 31104K, reserved 1083392K
  class space    used 3738K, capacity 4197K, committed 4224K, reserved 1048576K
}
Event: 4.134 GC heap after
{Heap after GC invocations=7 (full 0):
 garbage-first heap   total 131072K, used 14070K [0x0000000081c00000, 0x0000000100000000)
  region size 1024K, 5 young (5120K), 5 survivors (5120K)
 Metaspace       used 29953K, capacity 31025K, committed 31104K, reserved 1083392K
  class space    used 3738K, capacity 4197K, committed 4224K, reserved 1048576K
}

Deoptimization events (0 events):
No events

Classes redefined (0 events):
No events

Internal exceptions (10 events):
Event: 4.004 Thread 0x000001fdab2d8000 Exception <a 'java/lang/ClassNotFoundException'{0x00000000899f4c30}: org/springframework/beans/factory/AwareCustomizer> (0x00000000899f4c30) thrown at [./open/src/hotspot/share/classfile/systemDictionary.cpp, line 228]
Event: 4.005 Thread 0x000001fdab2d8000 Exception <a 'java/lang/ClassNotFoundException'{0x0000000089801800}: org/springframework/core/OrderedCustomizer> (0x0000000089801800) thrown at [./open/src/hotspot/share/classfile/systemDictionary.cpp, line 228]
Event: 4.005 Thread 0x000001fdab2d8000 Exception <a 'java/lang/ClassNotFoundException'{0x0000000089811178}: org/springframework/beans/factory/BeanClassLoaderAwareCustomizer> (0x0000000089811178) thrown at [./open/src/hotspot/share/classfile/systemDictionary.cpp, line 228]
Event: 4.005 Thread 0x000001fdab2d8000 Exception <a 'java/lang/ClassNotFoundException'{0x000000008981f0f0}: org/springframework/beans/factory/AwareCustomizer> (0x000000008981f0f0) thrown at [./open/src/hotspot/share/classfile/systemDictionary.cpp, line 228]
Event: 4.006 Thread 0x000001fdab2d8000 Exception <a 'java/lang/ClassNotFoundException'{0x000000008982df38}: org/springframework/aop/framework/AopInfrastructureBeanCustomizer> (0x000000008982df38) thrown at [./open/src/hotspot/share/classfile/systemDictionary.cpp, line 228]
Event: 4.087 Thread 0x000001fdab2d8000 Exception <a 'java/lang/ClassNotFoundException'{0x00000000895bfce0}: java/lang/ObjectCustomizer> (0x00000000895bfce0) thrown at [./open/src/hotspot/share/classfile/systemDictionary.cpp, line 228]
Event: 4.088 Thread 0x000001fdab2d8000 Exception <a 'java/lang/ClassNotFoundException'{0x00000000895d57c8}: org/springframework/transaction/annotation/AbstractTransactionManagementConfigurationCustomizer> (0x00000000895d57c8) thrown at [./open/src/hotspot/share/classfile/systemDictionary.cpp, 
Event: 4.088 Thread 0x000001fdab2d8000 Exception <a 'java/lang/ClassNotFoundException'{0x00000000895ea290}: org/springframework/transaction/annotation/ProxyTransactionManagementConfigurationCustomizer> (0x00000000895ea290) thrown at [./open/src/hotspot/share/classfile/systemDictionary.cpp, lin
Event: 4.089 Thread 0x000001fdab2d8000 Exception <a 'java/lang/ClassNotFoundException'{0x00000000895fcc40}: org/springframework/context/annotation/ImportAwareCustomizer> (0x00000000895fcc40) thrown at [./open/src/hotspot/share/classfile/systemDictionary.cpp, line 228]
Event: 4.090 Thread 0x000001fdab2d8000 Exception <a 'java/lang/ClassNotFoundException'{0x000000008940b490}: org/springframework/beans/factory/AwareCustomizer> (0x000000008940b490) thrown at [./open/src/hotspot/share/classfile/systemDictionary.cpp, line 228]

Events (10 events):
Event: 4.117 loading class org/springframework/aop/aspectj/AspectJPointcutAdvisor done
Event: 4.118 loading class org/springframework/beans/factory/support/DefaultListableBeanFactory$DependencyObjectProvider
Event: 4.119 loading class org/springframework/beans/factory/support/DefaultListableBeanFactory$DependencyObjectProvider done
Event: 4.119 loading class org/springframework/beans/factory/support/DefaultListableBeanFactory$BeanObjectProvider
Event: 4.119 loading class org/springframework/beans/factory/support/DefaultListableBeanFactory$BeanObjectProvider done
Event: 4.120 loading class org/springframework/data/web/ProxyingHandlerMethodArgumentResolver
Event: 4.120 loading class org/springframework/data/web/ProxyingHandlerMethodArgumentResolver done
Event: 4.120 loading class org/springframework/web/method/annotation/ModelAttributeMethodProcessor
Event: 4.120 loading class org/springframework/web/method/annotation/ModelAttributeMethodProcessor done
Event: 4.120 Executing VM operation: CollectForMetadataAllocation


Dynamic libraries:
0x00007ff662fc0000 - 0x00007ff662fcf000 	C:\Program Files\Java\jdk-11.0.10\bin\java.exe
0x00007ffd2f570000 - 0x00007ffd2f765000 	C:\WINDOWS\SYSTEM32\ntdll.dll
0x00007ffd2d650000 - 0x00007ffd2d70d000 	C:\WINDOWS\System32\KERNEL32.DLL
0x00007ffd2d170000 - 0x00007ffd2d439000 	C:\WINDOWS\System32\KERNELBASE.dll
0x00007ffd2cd50000 - 0x00007ffd2ce50000 	C:\WINDOWS\System32\ucrtbase.dll
0x00007ffd216b0000 - 0x00007ffd216c5000 	C:\Program Files\Java\jdk-11.0.10\bin\VCRUNTIME140.dll
0x00007ffd18d90000 - 0x00007ffd18da8000 	C:\Program Files\Java\jdk-11.0.10\bin\jli.dll
0x00007ffd2efc0000 - 0x00007ffd2f06c000 	C:\WINDOWS\System32\ADVAPI32.dll
0x00007ffd2e8a0000 - 0x00007ffd2e93e000 	C:\WINDOWS\System32\msvcrt.dll
0x00007ffd2e670000 - 0x00007ffd2e70c000 	C:\WINDOWS\System32\sechost.dll
0x00007ffd2ee90000 - 0x00007ffd2efbb000 	C:\WINDOWS\System32\RPCRT4.dll
0x00007ffd2d820000 - 0x00007ffd2d9c0000 	C:\WINDOWS\System32\USER32.dll
0x00007ffd2d5a0000 - 0x00007ffd2d5c2000 	C:\WINDOWS\System32\win32u.dll
0x00007ffd2e9a0000 - 0x00007ffd2e9ca000 	C:\WINDOWS\System32\GDI32.dll
0x00007ffd2c0d0000 - 0x00007ffd2c36a000 	C:\WINDOWS\WinSxS\amd64_microsoft.windows.common-controls_6595b64144ccf1df_6.0.19041.844_none_ca00b6081b84eb1d\COMCTL32.dll
0x00007ffd2cfb0000 - 0x00007ffd2d0bb000 	C:\WINDOWS\System32\gdi32full.dll
0x00007ffd2ccb0000 - 0x00007ffd2cd4d000 	C:\WINDOWS\System32\msvcp_win.dll
0x00007ffd24ae0000 - 0x00007ffd24aea000 	C:\WINDOWS\SYSTEM32\VERSION.dll
0x00007ffd2e800000 - 0x00007ffd2e830000 	C:\WINDOWS\System32\IMM32.DLL
0x00007ffd12c70000 - 0x00007ffd12d0b000 	C:\Program Files\Java\jdk-11.0.10\bin\msvcp140.dll
0x00007ffce9b90000 - 0x00007ffcea68b000 	C:\Program Files\Java\jdk-11.0.10\bin\server\jvm.dll
0x00007ffd2e7f0000 - 0x00007ffd2e7f8000 	C:\WINDOWS\System32\PSAPI.DLL
0x00007ffd17e70000 - 0x00007ffd17e79000 	C:\WINDOWS\SYSTEM32\WSOCK32.dll
0x00007ffd2e830000 - 0x00007ffd2e89b000 	C:\WINDOWS\System32\WS2_32.dll
0x00007ffd19630000 - 0x00007ffd19657000 	C:\WINDOWS\SYSTEM32\WINMM.dll
0x00007ffd2af40000 - 0x00007ffd2af52000 	C:\WINDOWS\SYSTEM32\kernel.appcore.dll
0x00007ffd27f50000 - 0x00007ffd27f60000 	C:\Program Files\Java\jdk-11.0.10\bin\verify.dll
0x00007ffd2c6e0000 - 0x00007ffd2c8c4000 	C:\WINDOWS\SYSTEM32\DBGHELP.DLL
0x00007ffd2c490000 - 0x00007ffd2c4bc000 	C:\WINDOWS\SYSTEM32\dbgcore.DLL
0x00007ffd2d440000 - 0x00007ffd2d4c0000 	C:\WINDOWS\System32\bcryptPrimitives.dll
0x00007ffd18d60000 - 0x00007ffd18d88000 	C:\Program Files\Java\jdk-11.0.10\bin\java.dll
0x00007ffd27c90000 - 0x00007ffd27c9a000 	C:\Program Files\Java\jdk-11.0.10\bin\jimage.dll
0x00007ffd24190000 - 0x00007ffd2419e000 	C:\Program Files\Java\jdk-11.0.10\bin\instrument.dll
0x00007ffd18d40000 - 0x00007ffd18d56000 	C:\Program Files\Java\jdk-11.0.10\bin\zip.dll
0x00007ffd2d9c0000 - 0x00007ffd2e102000 	C:\WINDOWS\System32\SHELL32.dll
0x00007ffd2a5e0000 - 0x00007ffd2ad70000 	C:\WINDOWS\SYSTEM32\windows.storage.dll
0x00007ffd2eb30000 - 0x00007ffd2ee85000 	C:\WINDOWS\System32\combase.dll
0x00007ffd2c030000 - 0x00007ffd2c05c000 	C:\WINDOWS\SYSTEM32\Wldp.dll
0x00007ffd2f480000 - 0x00007ffd2f52e000 	C:\WINDOWS\System32\SHCORE.dll
0x00007ffd2d710000 - 0x00007ffd2d765000 	C:\WINDOWS\System32\shlwapi.dll
0x00007ffd2cbf0000 - 0x00007ffd2cc0f000 	C:\WINDOWS\SYSTEM32\profapi.dll
0x00007ffd12c50000 - 0x00007ffd12c69000 	C:\Program Files\Java\jdk-11.0.10\bin\net.dll
0x00007ffd19a40000 - 0x00007ffd19b4c000 	C:\WINDOWS\SYSTEM32\WINHTTP.dll
0x00007ffd2bdb0000 - 0x00007ffd2be1a000 	C:\WINDOWS\system32\mswsock.dll
0x00007ffd12c30000 - 0x00007ffd12c42000 	C:\Program Files\Java\jdk-11.0.10\bin\nio.dll
0x00007ffd0d870000 - 0x00007ffd0d88a000 	C:\Program Files\JetBrains\IntelliJ IDEA 2020.2\bin\breakgen64.dll
0x00007ffd2bae0000 - 0x00007ffd2bbab000 	C:\WINDOWS\SYSTEM32\DNSAPI.dll
0x00007ffd2baa0000 - 0x00007ffd2badb000 	C:\WINDOWS\SYSTEM32\IPHLPAPI.DLL
0x00007ffd2f190000 - 0x00007ffd2f198000 	C:\WINDOWS\System32\NSI.dll
0x00007ffd22cd0000 - 0x00007ffd22cda000 	C:\Windows\System32\rasadhlp.dll
0x00007ffd19900000 - 0x00007ffd1997f000 	C:\WINDOWS\System32\fwpuclnt.dll
0x00007ffd2d4c0000 - 0x00007ffd2d4e7000 	C:\WINDOWS\System32\bcrypt.dll
0x00007ffd23c50000 - 0x00007ffd23c59000 	C:\Program Files\Java\jdk-11.0.10\bin\management.dll
0x00007ffd216a0000 - 0x00007ffd216ab000 	C:\Program Files\Java\jdk-11.0.10\bin\management_ext.dll
0x00007ffd2ca40000 - 0x00007ffd2ca58000 	C:\WINDOWS\SYSTEM32\CRYPTSP.dll
0x00007ffd2b770000 - 0x00007ffd2b7a4000 	C:\WINDOWS\system32\rsaenh.dll
0x00007ffd2cb70000 - 0x00007ffd2cb9e000 	C:\WINDOWS\SYSTEM32\USERENV.dll
0x00007ffd2be70000 - 0x00007ffd2be7c000 	C:\WINDOWS\SYSTEM32\CRYPTBASE.dll
0x00007ffd216d0000 - 0x00007ffd216e7000 	C:\WINDOWS\SYSTEM32\dhcpcsvc6.DLL
0x00007ffd21670000 - 0x00007ffd2168d000 	C:\WINDOWS\SYSTEM32\dhcpcsvc.DLL
0x00007ffd13330000 - 0x00007ffd13347000 	C:\WINDOWS\system32\napinsp.dll
0x00007ffd12fc0000 - 0x00007ffd12fdb000 	C:\WINDOWS\system32\pnrpnsp.dll
0x00007ffd27b30000 - 0x00007ffd27b4d000 	C:\WINDOWS\system32\NLAapi.dll
0x00007ffd27380000 - 0x00007ffd27395000 	C:\WINDOWS\system32\wshbth.dll
0x00007ffd12fa0000 - 0x00007ffd12fb2000 	C:\WINDOWS\System32\winrnr.dll

dbghelp: loaded successfully - version: 4.0.5 - missing functions: none
symbol engine: initialized successfully - sym options: 0x614 - pdb path: .;C:\Program Files\Java\jdk-11.0.10\bin;C:\WINDOWS\SYSTEM32;C:\WINDOWS\WinSxS\amd64_microsoft.windows.common-controls_6595b64144ccf1df_6.0.19041.844_none_ca00b6081b84eb1d;C:\Program Files\Java\jdk-11.0.10\bin\server;C:\Program Files\JetBrains\IntelliJ IDEA 2020.2\bin

VM Arguments:
jvm_args: -XX:TieredStopAtLevel=1 -Xverify:none -Dspring.output.ansi.enabled=always -Dcom.sun.management.jmxremote -Dspring.jmx.enabled=true -Dspring.liveBeansView.mbeanDomain -Dspring.application.admin.enabled=true -javaagent:C:\Program Files\JetBrains\IntelliJ IDEA 2020.2\lib\idea_rt.jar=2819:C:\Program Files\JetBrains\IntelliJ IDEA 2020.2\bin -Dfile.encoding=UTF-8 
java_command: com.brtvsk.lab4.Lab4Application
java_class_path (initial): C:\Users\Vadym\Documents\java-ee\lab-4\target\classes;C:\Users\Vadym\.m2\repository\org\springframework\boot\spring-boot-starter-thymeleaf\2.4.3\spring-boot-starter-thymeleaf-2.4.3.jar;C:\Users\Vadym\.m2\repository\org\springframework\boot\spring-boot-starter\2.4.3\spring-boot-starter-2.4.3.jar;C:\Users\Vadym\.m2\repository\org\springframework\boot\spring-boot\2.4.3\spring-boot-2.4.3.jar;C:\Users\Vadym\.m2\repository\org\springframework\boot\spring-boot-autoconfigure\2.4.3\spring-boot-autoconfigure-2.4.3.jar;C:\Users\Vadym\.m2\repository\org\springframework\boot\spring-boot-starter-logging\2.4.3\spring-boot-starter-logging-2.4.3.jar;C:\Users\Vadym\.m2\repository\ch\qos\logback\logback-classic\1.2.3\logback-classic-1.2.3.jar;C:\Users\Vadym\.m2\repository\ch\qos\logback\logback-core\1.2.3\logback-core-1.2.3.jar;C:\Users\Vadym\.m2\repository\org\apache\logging\log4j\log4j-to-slf4j\2.13.3\log4j-to-slf4j-2.13.3.jar;C:\Users\Vadym\.m2\repository\org\apache\logging\log4j\log4j-api\2.13.3\log4j-api-2.13.3.jar;C:\Users\Vadym\.m2\repository\org\slf4j\jul-to-slf4j\1.7.30\jul-to-slf4j-1.7.30.jar;C:\Users\Vadym\.m2\repository\jakarta\annotation\jakarta.annotation-api\1.3.5\jakarta.annotation-api-1.3.5.jar;C:\Users\Vadym\.m2\repository\org\yaml\snakeyaml\1.27\snakeyaml-1.27.jar;C:\Users\Vadym\.m2\repository\org\thymeleaf\thymeleaf-spring5\3.0.12.RELEASE\thymeleaf-spring5-3.0.12.RELEASE.jar;C:\Users\Vadym\.m2\repository\org\thymeleaf\thymeleaf\3.0.12.RELEASE\thymeleaf-3.0.12.RELEASE.jar;C:\Users\Vadym\.m2\repository\org\attoparser\attoparser\2.0.5.RELEASE\attoparser-2.0.5.RELEASE.jar;C:\Users\Vadym\.m2\repository\org\unbescape\unbescape\1.1.6.RELEASE\unbescape-1.1.6.RELEASE.jar;C:\Users\Vadym\.m2\repository\org\thymeleaf\extras\thymeleaf-extras-java8time\3.0.4.RELEASE\thymeleaf-extras-java8time-3.0.4.RELEASE.jar;C:\Users\Vadym\.m2\repository\org\springframework\boot\spring-boot-starter-web\2.4.3\spring-boot-starter-web-2.4.3.jar;C:\Users\Vadym\.m2\repo
Launcher Type: SUN_STANDARD

[Global flags]
     bool BytecodeVerificationLocal                = false                                     {product} {command line}
     bool BytecodeVerificationRemote               = false                                     {product} {command line}
     intx CICompilerCount                          = 4                                         {product} {ergonomic}
     uint ConcGCThreads                            = 2                                         {product} {ergonomic}
     uint G1ConcRefinementThreads                  = 8                                         {product} {ergonomic}
   size_t G1HeapRegionSize                         = 1048576                                   {product} {ergonomic}
    uintx GCDrainStackTargetSize                   = 64                                        {product} {ergonomic}
   size_t InitialHeapSize                          = 134217728                                 {product} {ergonomic}
     bool ManagementServer                         = true                                      {product} {command line}
   size_t MarkStackSize                            = 4194304                                   {product} {ergonomic}
   size_t MaxHeapSize                              = 2118123520                                {product} {ergonomic}
   size_t MaxNewSize                               = 1270874112                                {product} {ergonomic}
   size_t MinHeapDeltaBytes                        = 1048576                                   {product} {ergonomic}
    uintx NonNMethodCodeHeapSize                   = 7549744                                {pd product} {ergonomic}
    uintx NonProfiledCodeHeapSize                  = 244108496                              {pd product} {ergonomic}
    uintx ProfiledCodeHeapSize                     = 0                                      {pd product} {ergonomic}
    uintx ReservedCodeCacheSize                    = 251658240                              {pd product} {ergonomic}
     bool SegmentedCodeCache                       = true                                      {product} {ergonomic}
     intx TieredStopAtLevel                        = 1                                         {product} {command line}
     bool UseCompressedClassPointers               = true                                 {lp64_product} {ergonomic}
     bool UseCompressedOops                        = true                                 {lp64_product} {ergonomic}
     bool UseG1GC                                  = true                                      {product} {ergonomic}
     bool UseLargePagesIndividualAllocation        = false                                  {pd product} {ergonomic}

Logging:
Log output configuration:
 #0: stdout all=warning uptime,level,tags
 #1: stderr all=off uptime,level,tags

Environment Variables:
JAVA_HOME=C:\Program Files\Java\jdk1.8.0_261
PATH=C:\Program Files\Common Files\Oracle\Java\javapath;C:\Python38\Scripts\;C:\Python38\;C:\Program Files\Haskell\bin;C:\Program Files\Haskell Platform\2014.2.0.0\lib\extralibs\bin;C:\Program Files\Haskell Platform\2014.2.0.0\bin;C:\Program Files (x86)\Common Files\Oracle\Java\javapath;C:\Program Files (x86)\Intel\iCLS Client\;C:\Program Files\Intel\iCLS Client\;C:\Windows\system32;C:\Windows;C:\Windows\System32\Wbem;C:\Windows\System32\WindowsPowerShell\v1.0\;C:\Program Files (x86)\NVIDIA Corporation\PhysX\Common;C:\Program Files (x86)\Intel\Intel(R) Management Engine Components\DAL;C:\Program Files\Intel\Intel(R) Management Engine Components\DAL;C:\Program Files (x86)\Intel\Intel(R) Management Engine Components\IPT;C:\Program Files\Intel\Intel(R) Management Engine Components\IPT;C:\WINDOWS\system32;C:\WINDOWS;C:\WINDOWS\System32\Wbem;C:\WINDOWS\System32\WindowsPowerShell\v1.0\;C:\WINDOWS\System32\OpenSSH\;C:\Program Files\Git\cmd;C:\Program Files\Haskell Platform\2014.2.0.0\mingw\bin;C:\Program Files\nodejs\;C:\ProgramData\chocolatey\bin;C:\Program Files\PostgreSQL\13\bin;C:\Program Files\swipl\bin;C:\Program Files\PuTTY\;C:\Users\Vadym\AppData\Local\Programs\Python\Python39\Scripts\;C:\Users\Vadym\AppData\Local\Programs\Python\Python39\;C:\Users\Vadym\AppData\Local\Programs\Python\Python38-32\Scripts\;C:\Users\Vadym\AppData\Local\Programs\Python\Python38-32\;C:\Users\Vadym\AppData\Roaming\local\bin;C:\Users\Vadym\AppData\Roaming\cabal\bin;C:\Users\Vadym\AppData\Local\Microsoft\WindowsApps;C:\Users\Vadym\AppData\Local\atom\bin;C:\Users\Vadym\AppData\Roaming\npm;C:\src\flutter\bin;C:\Program Files (x86)\Nmap;D:\Programs\Microsoft VS Code\bin
USERNAME=Vadym
OS=Windows_NT
PROCESSOR_IDENTIFIER=Intel64 Family 6 Model 142 Stepping 10, GenuineIntel



---------------  S Y S T E M  ---------------

OS: Windows 10 , 64 bit Build 19041 (10.0.19041.804)

CPU:total 8 (initial active 8) (4 cores per cpu, 2 threads per core) family 6 model 142 stepping 10 microcode 0xe0, cmov, cx8, fxsr, mmx, sse, sse2, sse3, ssse3, sse4.1, sse4.2, popcnt, avx, avx2, aes, clmul, erms, 3dnowpref, lzcnt, ht, tsc, tscinvbit, bmi1, bmi2, adx, fma

Memory: 4k page, system-wide physical 8074M (830M free)
TotalPageFile size 12272M (AvailPageFile size 5M)
current process WorkingSet (physical memory assigned to process): 158M, peak: 158M
current process commit charge ("private bytes"): 248M, peak: 249M

vm_info: Java HotSpot(TM) 64-Bit Server VM (11.0.10+8-LTS-162) for windows-amd64 JRE (11.0.10+8-LTS-162), built on Dec  8 2020 16:32:57 by "mach5one" with MS VC++ 15.9 (VS2017)

END.
