#
# There is insufficient memory for the Java Runtime Environment to continue.
# Native memory allocation (mmap) failed to map 32505856 bytes for Failed to commit area from 0x000000008b600000 to 0x000000008d500000 of length 32505856.
# Possible reasons:
#   The system is out of physical RAM or swap space
#   The process is running with CompressedOops enabled, and the Java Heap may be blocking the growth of the native heap
# Possible solutions:
#   Reduce memory load on the system
#   Increase physical memory or swap space
#   Check if swap backing store is full
#   Decrease Java heap size (-Xmx/-Xms)
#   Decrease number of Java threads
#   Decrease Java thread stack sizes (-Xss)
#   Set larger code cache with -XX:ReservedCodeCacheSize=
#   JVM is running with Unscaled Compressed Oops mode in which the Java heap is
#     placed in the first 4GB address space. The Java Heap base address is the
#     maximum limit for the native heap growth. Please use -XX:HeapBaseMinAddress
#     to set the Java Heap base and to place the Java Heap above 4GB virtual address.
# This output file may be truncated or incomplete.
#
#  Out of Memory Error (./open/src/hotspot/os/windows/os_windows.cpp:3273), pid=14768, tid=1628
#
# JRE version: Java(TM) SE Runtime Environment 18.9 (11.0.10+8) (build 11.0.10+8-LTS-162)
# Java VM: Java HotSpot(TM) 64-Bit Server VM 18.9 (11.0.10+8-LTS-162, mixed mode, tiered, compressed oops, g1 gc, windows-amd64)
# No core dump will be written. Minidumps are not enabled by default on client versions of Windows
#

---------------  S U M M A R Y ------------

Command Line: -XX:TieredStopAtLevel=1 -Xverify:none -Dspring.output.ansi.enabled=always -Dcom.sun.management.jmxremote -Dspring.jmx.enabled=true -Dspring.liveBeansView.mbeanDomain -Dspring.application.admin.enabled=true -javaagent:C:\Program Files\JetBrains\IntelliJ IDEA 2020.2\lib\idea_rt.jar=2783:C:\Program Files\JetBrains\IntelliJ IDEA 2020.2\bin -Dfile.encoding=UTF-8 com.brtvsk.lab4.Lab4Application

Host: Intel(R) Core(TM) i5-8250U CPU @ 1.60GHz, 8 cores, 7G,  Windows 10 , 64 bit Build 19041 (10.0.19041.804)
Time: Thu Apr  1 12:52:25 2021 FLE Summer Time elapsed time: 7.008537 seconds (0d 0h 0m 7s)

---------------  T H R E A D  ---------------

Current thread (0x000002c5bfb68800):  VMThread "VM Thread" [stack: 0x000000f078d00000,0x000000f078e00000] [id=1628]

Stack: [0x000000f078d00000,0x000000f078e00000]
[error occurred during error reporting (printing stack bounds), id 0xc0000005, EXCEPTION_ACCESS_VIOLATION (0xc0000005) at pc=0x000002c5a92e0f2d]

Native frames: (J=compiled Java code, j=interpreted, Vv=VM code, C=native code)
V  [jvm.dll+0x613e6a]
V  [jvm.dll+0x74c1ff]
V  [jvm.dll+0x74d885]
V  [jvm.dll+0x74de65]
V  [jvm.dll+0x74de1b]
V  [jvm.dll+0x6136a3]
V  [jvm.dll+0x613a68]
C  [ntdll.dll+0xa1f6f]
C  [ntdll.dll+0x51454]
C  [ntdll.dll+0xa0a9e]
C  0x000002c5a92e0f2d

VM_Operation (0x000000f07acfc750): CollectForMetadataAllocation, mode: safepoint, requested by thread 0x000002c5c0a36000


---------------  P R O C E S S  ---------------

Threads class SMR info:
_java_thread_list=0x000002c5c1fc4da0, length=32, elements={
0x000002c5bfb8d000, 0x000002c5bfb8e800, 0x000002c5bfba4000, 0x000002c5bfba5800,
0x000002c5bfba7800, 0x000002c5bfbb0000, 0x000002c5c062e000, 0x000002c5c09e0000,
0x000002c5c09e0800, 0x000002c5c0bb2800, 0x000002c5c1d4f000, 0x000002c5c1d2d000,
0x000002c5c24b1000, 0x000002c5c2574800, 0x000002c5c24b6000, 0x000002c5c286d000,
0x000002c5c268f000, 0x000002c5c2624000, 0x000002c5c0a35000, 0x000002c5c0a36000,
0x000002c5c0a36800, 0x000002c5c0a37800, 0x000002c5c0a38800, 0x000002c5c0a39000,
0x000002c5c0a3a000, 0x000002c5c0a34000, 0x000002c5c0a3a800, 0x000002c5c0a9d000,
0x000002c5c0a9c000, 0x000002c5c0a9f800, 0x000002c5c0aa0000, 0x000002c5c0a9e000
}

Java Threads: ( => current thread )
  0x000002c5bfb8d000 JavaThread "Reference Handler" daemon [_thread_blocked, id=17696, stack(0x000000f078e00000,0x000000f078f00000)]
  0x000002c5bfb8e800 JavaThread "Finalizer" daemon [_thread_blocked, id=13232, stack(0x000000f078f00000,0x000000f079000000)]
  0x000002c5bfba4000 JavaThread "Signal Dispatcher" daemon [_thread_blocked, id=13892, stack(0x000000f079000000,0x000000f079100000)]
  0x000002c5bfba5800 JavaThread "Attach Listener" daemon [_thread_blocked, id=18160, stack(0x000000f079100000,0x000000f079200000)]
  0x000002c5bfba7800 JavaThread "C1 CompilerThread0" daemon [_thread_blocked, id=16564, stack(0x000000f079200000,0x000000f079300000)]
  0x000002c5bfbb0000 JavaThread "Sweeper thread" daemon [_thread_blocked, id=18128, stack(0x000000f079300000,0x000000f079400000)]
  0x000002c5c062e000 JavaThread "Common-Cleaner" daemon [_thread_blocked, id=17896, stack(0x000000f079400000,0x000000f079500000)]
  0x000002c5c09e0000 JavaThread "Monitor Ctrl-Break" daemon [_thread_in_native, id=4264, stack(0x000000f079500000,0x000000f079600000)]
  0x000002c5c09e0800 JavaThread "Service Thread" daemon [_thread_blocked, id=17464, stack(0x000000f079600000,0x000000f079700000)]
  0x000002c5c0bb2800 JavaThread "RMI TCP Accept-0" daemon [_thread_in_native, id=15152, stack(0x000000f079700000,0x000000f079800000)]
  0x000002c5c1d4f000 JavaThread "RMI TCP Connection(1)-192.168.80.1" daemon [_thread_in_native, id=6016, stack(0x000000f079d00000,0x000000f079e00000)]
  0x000002c5c1d2d000 JavaThread "RMI Scheduler(0)" daemon [_thread_blocked, id=5184, stack(0x000000f079e00000,0x000000f079f00000)]
  0x000002c5c24b1000 JavaThread "Catalina-utility-1" [_thread_blocked, id=15688, stack(0x000000f079c00000,0x000000f079d00000)]
  0x000002c5c2574800 JavaThread "Catalina-utility-2" [_thread_blocked, id=9340, stack(0x000000f079f00000,0x000000f07a000000)]
  0x000002c5c24b6000 JavaThread "container-0" [_thread_blocked, id=16528, stack(0x000000f07a200000,0x000000f07a300000)]
  0x000002c5c286d000 JavaThread "PostgreSQL-JDBC-SharedTimer-1" daemon [_thread_blocked, id=16280, stack(0x000000f07a800000,0x000000f07a900000)]
  0x000002c5c268f000 JavaThread "HikariPool-1 housekeeper" daemon [_thread_blocked, id=15268, stack(0x000000f07a900000,0x000000f07aa00000)]
  0x000002c5c2624000 JavaThread "HikariPool-1 connection adder" daemon [_thread_blocked, id=17884, stack(0x000000f07aa00000,0x000000f07ab00000)]
  0x000002c5c0a35000 JavaThread "http-nio-8080-BlockPoller" daemon [_thread_in_native, id=17136, stack(0x000000f07ab00000,0x000000f07ac00000)]
  0x000002c5c0a36000 JavaThread "http-nio-8080-exec-1" daemon [_thread_blocked, id=15860, stack(0x000000f07ac00000,0x000000f07ad00000)]
  0x000002c5c0a36800 JavaThread "http-nio-8080-exec-2" daemon [_thread_blocked, id=8464, stack(0x000000f07ad00000,0x000000f07ae00000)]
  0x000002c5c0a37800 JavaThread "http-nio-8080-exec-3" daemon [_thread_blocked, id=3792, stack(0x000000f07ae00000,0x000000f07af00000)]
  0x000002c5c0a38800 JavaThread "http-nio-8080-exec-4" daemon [_thread_blocked, id=9064, stack(0x000000f07af00000,0x000000f07b000000)]
  0x000002c5c0a39000 JavaThread "http-nio-8080-exec-5" daemon [_thread_blocked, id=16196, stack(0x000000f07b000000,0x000000f07b100000)]
  0x000002c5c0a3a000 JavaThread "http-nio-8080-exec-6" daemon [_thread_blocked, id=7880, stack(0x000000f07b100000,0x000000f07b200000)]
  0x000002c5c0a34000 JavaThread "http-nio-8080-exec-7" daemon [_thread_blocked, id=12976, stack(0x000000f07b200000,0x000000f07b300000)]
  0x000002c5c0a3a800 JavaThread "http-nio-8080-exec-8" daemon [_thread_blocked, id=17140, stack(0x000000f07b300000,0x000000f07b400000)]
  0x000002c5c0a9d000 JavaThread "http-nio-8080-exec-9" daemon [_thread_blocked, id=5700, stack(0x000000f07b400000,0x000000f07b500000)]
  0x000002c5c0a9c000 JavaThread "http-nio-8080-exec-10" daemon [_thread_blocked, id=9308, stack(0x000000f07b500000,0x000000f07b600000)]
  0x000002c5c0a9f800 JavaThread "http-nio-8080-ClientPoller" daemon [_thread_in_native, id=12304, stack(0x000000f07b600000,0x000000f07b700000)]
  0x000002c5c0aa0000 JavaThread "http-nio-8080-Acceptor" daemon [_thread_in_native, id=7356, stack(0x000000f07b700000,0x000000f07b800000)]
  0x000002c5c0a9e000 JavaThread "DestroyJavaVM" [_thread_blocked, id=12752, stack(0x000000f078700000,0x000000f078800000)]

Other Threads:
=>0x000002c5bfb68800 VMThread "VM Thread" [stack: 0x000000f078d00000,0x000000f078e00000] [id=1628]
  0x000002c5c0bc5000 WatcherThread [stack: 0x000000f079800000,0x000000f079900000] [id=8356]
  0x000002c5a0e72000 GCTaskThread "GC Thread#0" [stack: 0x000000f078800000,0x000000f078900000] [id=10024]
  0x000002c5c1b9a800 GCTaskThread "GC Thread#1" [stack: 0x000000f079900000,0x000000f079a00000] [id=17432]
  0x000002c5c1b99800 GCTaskThread "GC Thread#2" [stack: 0x000000f079a00000,0x000000f079b00000] [id=10308]
  0x000002c5c1dcd800 GCTaskThread "GC Thread#3" [stack: 0x000000f07a000000,0x000000f07a100000] [id=1124]
  0x000002c5c24ff000 GCTaskThread "GC Thread#4" [stack: 0x000000f07a300000,0x000000f07a400000] [id=18244]
  0x000002c5c24cf800 GCTaskThread "GC Thread#5" [stack: 0x000000f07a400000,0x000000f07a500000] [id=2232]
  0x000002c5c256d800 GCTaskThread "GC Thread#6" [stack: 0x000000f07a500000,0x000000f07a600000] [id=13516]
  0x000002c5c256e000 GCTaskThread "GC Thread#7" [stack: 0x000000f07a600000,0x000000f07a700000] [id=9636]
  0x000002c5a0e9e800 ConcurrentGCThread "G1 Main Marker" [stack: 0x000000f078900000,0x000000f078a00000] [id=11412]
  0x000002c5a0ea0800 ConcurrentGCThread "G1 Conc#0" [stack: 0x000000f078a00000,0x000000f078b00000] [id=6448]
  0x000002c5c1c8b000 ConcurrentGCThread "G1 Conc#1" [stack: 0x000000f07a100000,0x000000f07a200000] [id=6060]
  0x000002c5a0f2e000 ConcurrentGCThread "G1 Refine#0" [stack: 0x000000f078b00000,0x000000f078c00000] [id=17704]
  0x000002c5c08bc000 ConcurrentGCThread "G1 Refine#1" [stack: 0x000000f079b00000,0x000000f079c00000] [id=12636]
  0x000002c5bf9d6800 ConcurrentGCThread "G1 Young RemSet Sampling" [stack: 0x000000f078c00000,0x000000f078d00000] [id=13376]

Threads with active compile tasks:

VM state:at safepoint (normal execution)

VM Mutex/Monitor currently owned by a thread:  ([mutex/lock_event])
[0x000002c5a0e56be0] Threads_lock - owner thread: 0x000002c5bfb68800
[0x000002c5a0e57d50] Heap_lock - owner thread: 0x000002c5c0a36000

Heap address: 0x0000000081c00000, size: 2020 MB, Compressed Oops mode: 32-bit
Narrow klass base: 0x0000000000000000, Narrow klass shift: 3
Compressed class space size: 1073741824 Address: 0x0000000100000000

Heap:
 garbage-first heap   total 189440K, used 24918K [0x0000000081c00000, 0x0000000100000000)
  region size 1024K, 7 young (7168K), 7 survivors (7168K)
 Metaspace       used 58700K, capacity 60504K, committed 60572K, reserved 1101824K
  class space    used 7705K, capacity 8425K, committed 8472K, reserved 1048576K
Heap Regions: E=young(eden), S=young(survivor), O=old, HS=humongous(starts), HC=humongous(continues), CS=collection set, F=free, A=archive, TAMS=top-at-mark-start (previous, next)
|   0|0x0000000081c00000, 0x0000000081d00000, 0x0000000081d00000|100%|HS|  |TAMS 0x0000000081d00000, 0x0000000081d00000| Complete 
|   1|0x0000000081d00000, 0x0000000081e00000, 0x0000000081e00000|100%| O|  |TAMS 0x0000000081e00000, 0x0000000081e00000| Untracked 
|   2|0x0000000081e00000, 0x0000000081f00000, 0x0000000081f00000|100%| O|  |TAMS 0x0000000081f00000, 0x0000000081f00000| Untracked 
|   3|0x0000000081f00000, 0x0000000082000000, 0x0000000082000000|100%| O|  |TAMS 0x0000000082000000, 0x0000000082000000| Untracked 
|   4|0x0000000082000000, 0x0000000082100000, 0x0000000082100000|100%| O|  |TAMS 0x0000000082100000, 0x0000000082100000| Untracked 
|   5|0x0000000082100000, 0x0000000082200000, 0x0000000082200000|100%| O|  |TAMS 0x0000000082200000, 0x0000000082200000| Untracked 
|   6|0x0000000082200000, 0x0000000082300000, 0x0000000082300000|100%| O|  |TAMS 0x0000000082300000, 0x0000000082300000| Untracked 
|   7|0x0000000082300000, 0x0000000082400000, 0x0000000082400000|100%| O|  |TAMS 0x0000000082400000, 0x0000000082400000| Untracked 
|   8|0x0000000082400000, 0x0000000082500000, 0x0000000082500000|100%| O|  |TAMS 0x0000000082500000, 0x0000000082500000| Untracked 
|   9|0x0000000082500000, 0x0000000082600000, 0x0000000082600000|100%| O|  |TAMS 0x0000000082600000, 0x0000000082600000| Untracked 
|  10|0x0000000082600000, 0x0000000082700000, 0x0000000082700000|100%| O|  |TAMS 0x0000000082626200, 0x0000000082700000| Untracked 
|  11|0x0000000082700000, 0x0000000082800000, 0x0000000082800000|100%| O|  |TAMS 0x0000000082700000, 0x0000000082800000| Untracked 
|  12|0x0000000082800000, 0x0000000082900000, 0x0000000082900000|100%| O|  |TAMS 0x0000000082800000, 0x0000000082900000| Untracked 
|  13|0x0000000082900000, 0x0000000082a00000, 0x0000000082a00000|100%| O|  |TAMS 0x0000000082900000, 0x0000000082a00000| Untracked 
|  14|0x0000000082a00000, 0x0000000082b00000, 0x0000000082b00000|100%| O|  |TAMS 0x0000000082a00000, 0x0000000082b00000| Untracked 
|  15|0x0000000082b00000, 0x0000000082c00000, 0x0000000082c00000|100%| O|  |TAMS 0x0000000082b00000, 0x0000000082c00000| Untracked 
|  16|0x0000000082c00000, 0x0000000082d00000, 0x0000000082d00000|100%| O|  |TAMS 0x0000000082c00000, 0x0000000082d00000| Untracked 
|  17|0x0000000082d00000, 0x0000000082e00000, 0x0000000082e00000|100%| O|  |TAMS 0x0000000082d00000, 0x0000000082e00000| Untracked 
|  18|0x0000000082e00000, 0x0000000082e1b000, 0x0000000082f00000| 10%| O|  |TAMS 0x0000000082e00000, 0x0000000082e1b000| Untracked 
|  19|0x0000000082f00000, 0x0000000082f00000, 0x0000000083000000|  0%| F|  |TAMS 0x0000000082f00000, 0x0000000082f00000| Untracked 
|  20|0x0000000083000000, 0x0000000083000000, 0x0000000083100000|  0%| F|  |TAMS 0x0000000083000000, 0x0000000083000000| Untracked 
|  21|0x0000000083100000, 0x0000000083100000, 0x0000000083200000|  0%| F|  |TAMS 0x0000000083100000, 0x0000000083100000| Untracked 
|  22|0x0000000083200000, 0x0000000083200000, 0x0000000083300000|  0%| F|  |TAMS 0x0000000083200000, 0x0000000083200000| Untracked 
|  23|0x0000000083300000, 0x0000000083300000, 0x0000000083400000|  0%| F|  |TAMS 0x0000000083300000, 0x0000000083300000| Untracked 
|  24|0x0000000083400000, 0x0000000083400000, 0x0000000083500000|  0%| F|  |TAMS 0x0000000083400000, 0x0000000083400000| Untracked 
|  25|0x0000000083500000, 0x0000000083500000, 0x0000000083600000|  0%| F|  |TAMS 0x0000000083500000, 0x0000000083500000| Untracked 
|  26|0x0000000083600000, 0x0000000083600000, 0x0000000083700000|  0%| F|  |TAMS 0x0000000083600000, 0x0000000083600000| Untracked 
|  27|0x0000000083700000, 0x0000000083700000, 0x0000000083800000|  0%| F|  |TAMS 0x0000000083700000, 0x0000000083700000| Untracked 
|  28|0x0000000083800000, 0x0000000083800000, 0x0000000083900000|  0%| F|  |TAMS 0x0000000083800000, 0x0000000083800000| Untracked 
|  29|0x0000000083900000, 0x0000000083900000, 0x0000000083a00000|  0%| F|  |TAMS 0x0000000083900000, 0x0000000083900000| Untracked 
|  30|0x0000000083a00000, 0x0000000083a00000, 0x0000000083b00000|  0%| F|  |TAMS 0x0000000083a00000, 0x0000000083a00000| Untracked 
|  31|0x0000000083b00000, 0x0000000083b00000, 0x0000000083c00000|  0%| F|  |TAMS 0x0000000083b00000, 0x0000000083b00000| Untracked 
|  32|0x0000000083c00000, 0x0000000083c00000, 0x0000000083d00000|  0%| F|  |TAMS 0x0000000083c00000, 0x0000000083c00000| Untracked 
|  33|0x0000000083d00000, 0x0000000083d00000, 0x0000000083e00000|  0%| F|  |TAMS 0x0000000083d00000, 0x0000000083d00000| Untracked 
|  34|0x0000000083e00000, 0x0000000083e00000, 0x0000000083f00000|  0%| F|  |TAMS 0x0000000083e00000, 0x0000000083e00000| Untracked 
|  35|0x0000000083f00000, 0x0000000083f00000, 0x0000000084000000|  0%| F|  |TAMS 0x0000000083f00000, 0x0000000083f00000| Untracked 
|  36|0x0000000084000000, 0x0000000084000000, 0x0000000084100000|  0%| F|  |TAMS 0x0000000084000000, 0x0000000084000000| Untracked 
|  37|0x0000000084100000, 0x0000000084100000, 0x0000000084200000|  0%| F|  |TAMS 0x0000000084100000, 0x0000000084100000| Untracked 
|  38|0x0000000084200000, 0x0000000084200000, 0x0000000084300000|  0%| F|  |TAMS 0x0000000084200000, 0x0000000084200000| Untracked 
|  39|0x0000000084300000, 0x0000000084300000, 0x0000000084400000|  0%| F|  |TAMS 0x0000000084300000, 0x0000000084300000| Untracked 
|  40|0x0000000084400000, 0x0000000084400000, 0x0000000084500000|  0%| F|  |TAMS 0x0000000084400000, 0x0000000084400000| Untracked 
|  41|0x0000000084500000, 0x0000000084500000, 0x0000000084600000|  0%| F|  |TAMS 0x0000000084500000, 0x0000000084500000| Untracked 
|  42|0x0000000084600000, 0x0000000084600000, 0x0000000084700000|  0%| F|  |TAMS 0x0000000084600000, 0x0000000084600000| Untracked 
|  43|0x0000000084700000, 0x0000000084700000, 0x0000000084800000|  0%| F|  |TAMS 0x0000000084700000, 0x0000000084700000| Untracked 
|  44|0x0000000084800000, 0x0000000084800000, 0x0000000084900000|  0%| F|  |TAMS 0x0000000084800000, 0x0000000084800000| Untracked 
|  45|0x0000000084900000, 0x0000000084900000, 0x0000000084a00000|  0%| F|  |TAMS 0x0000000084900000, 0x0000000084900000| Untracked 
|  46|0x0000000084a00000, 0x0000000084a00000, 0x0000000084b00000|  0%| F|  |TAMS 0x0000000084a00000, 0x0000000084a00000| Untracked 
|  47|0x0000000084b00000, 0x0000000084b00000, 0x0000000084c00000|  0%| F|  |TAMS 0x0000000084b00000, 0x0000000084b00000| Untracked 
|  48|0x0000000084c00000, 0x0000000084c00000, 0x0000000084d00000|  0%| F|  |TAMS 0x0000000084c00000, 0x0000000084c00000| Untracked 
|  49|0x0000000084d00000, 0x0000000084d00000, 0x0000000084e00000|  0%| F|  |TAMS 0x0000000084d00000, 0x0000000084d00000| Untracked 
|  50|0x0000000084e00000, 0x0000000084e00000, 0x0000000084f00000|  0%| F|  |TAMS 0x0000000084e00000, 0x0000000084e00000| Untracked 
|  51|0x0000000084f00000, 0x0000000084f00000, 0x0000000085000000|  0%| F|  |TAMS 0x0000000084f00000, 0x0000000084f00000| Untracked 
|  52|0x0000000085000000, 0x0000000085000000, 0x0000000085100000|  0%| F|  |TAMS 0x0000000085000000, 0x0000000085000000| Untracked 
|  53|0x0000000085100000, 0x0000000085100000, 0x0000000085200000|  0%| F|  |TAMS 0x0000000085100000, 0x0000000085100000| Untracked 
|  54|0x0000000085200000, 0x0000000085200000, 0x0000000085300000|  0%| F|  |TAMS 0x0000000085200000, 0x0000000085200000| Untracked 
|  55|0x0000000085300000, 0x0000000085300000, 0x0000000085400000|  0%| F|  |TAMS 0x0000000085300000, 0x0000000085300000| Untracked 
|  56|0x0000000085400000, 0x0000000085400000, 0x0000000085500000|  0%| F|  |TAMS 0x0000000085400000, 0x0000000085400000| Untracked 
|  57|0x0000000085500000, 0x0000000085500000, 0x0000000085600000|  0%| F|  |TAMS 0x0000000085500000, 0x0000000085500000| Untracked 
|  58|0x0000000085600000, 0x0000000085600000, 0x0000000085700000|  0%| F|  |TAMS 0x0000000085600000, 0x0000000085600000| Untracked 
|  59|0x0000000085700000, 0x0000000085700000, 0x0000000085800000|  0%| F|  |TAMS 0x0000000085700000, 0x0000000085700000| Untracked 
|  60|0x0000000085800000, 0x0000000085800000, 0x0000000085900000|  0%| F|  |TAMS 0x0000000085800000, 0x0000000085800000| Untracked 
|  61|0x0000000085900000, 0x0000000085900000, 0x0000000085a00000|  0%| F|  |TAMS 0x0000000085900000, 0x0000000085900000| Untracked 
|  62|0x0000000085a00000, 0x0000000085a00000, 0x0000000085b00000|  0%| F|  |TAMS 0x0000000085a00000, 0x0000000085a00000| Untracked 
|  63|0x0000000085b00000, 0x0000000085b00000, 0x0000000085c00000|  0%| F|  |TAMS 0x0000000085b00000, 0x0000000085b00000| Untracked 
|  64|0x0000000085c00000, 0x0000000085c00000, 0x0000000085d00000|  0%| F|  |TAMS 0x0000000085c00000, 0x0000000085c00000| Untracked 
|  65|0x0000000085d00000, 0x0000000085d00000, 0x0000000085e00000|  0%| F|  |TAMS 0x0000000085d00000, 0x0000000085d00000| Untracked 
|  66|0x0000000085e00000, 0x0000000085e00000, 0x0000000085f00000|  0%| F|  |TAMS 0x0000000085e00000, 0x0000000085e00000| Untracked 
|  67|0x0000000085f00000, 0x0000000085f00000, 0x0000000086000000|  0%| F|  |TAMS 0x0000000085f00000, 0x0000000085f00000| Untracked 
|  68|0x0000000086000000, 0x0000000086000000, 0x0000000086100000|  0%| F|  |TAMS 0x0000000086000000, 0x0000000086000000| Untracked 
|  69|0x0000000086100000, 0x0000000086100000, 0x0000000086200000|  0%| F|  |TAMS 0x0000000086100000, 0x0000000086100000| Untracked 
|  70|0x0000000086200000, 0x0000000086200000, 0x0000000086300000|  0%| F|  |TAMS 0x0000000086200000, 0x0000000086200000| Untracked 
|  71|0x0000000086300000, 0x0000000086300000, 0x0000000086400000|  0%| F|  |TAMS 0x0000000086300000, 0x0000000086300000| Untracked 
|  72|0x0000000086400000, 0x0000000086400000, 0x0000000086500000|  0%| F|  |TAMS 0x0000000086400000, 0x0000000086400000| Untracked 
|  73|0x0000000086500000, 0x0000000086500000, 0x0000000086600000|  0%| F|  |TAMS 0x0000000086500000, 0x0000000086500000| Untracked 
|  74|0x0000000086600000, 0x0000000086600000, 0x0000000086700000|  0%| F|  |TAMS 0x0000000086600000, 0x0000000086600000| Untracked 
|  75|0x0000000086700000, 0x0000000086700000, 0x0000000086800000|  0%| F|  |TAMS 0x0000000086700000, 0x0000000086700000| Untracked 
|  76|0x0000000086800000, 0x0000000086800000, 0x0000000086900000|  0%| F|  |TAMS 0x0000000086800000, 0x0000000086800000| Untracked 
|  77|0x0000000086900000, 0x0000000086900000, 0x0000000086a00000|  0%| F|  |TAMS 0x0000000086900000, 0x0000000086900000| Untracked 
|  78|0x0000000086a00000, 0x0000000086a00000, 0x0000000086b00000|  0%| F|  |TAMS 0x0000000086a00000, 0x0000000086a00000| Untracked 
|  79|0x0000000086b00000, 0x0000000086b00000, 0x0000000086c00000|  0%| F|  |TAMS 0x0000000086b00000, 0x0000000086b00000| Untracked 
|  80|0x0000000086c00000, 0x0000000086c00000, 0x0000000086d00000|  0%| F|  |TAMS 0x0000000086c00000, 0x0000000086c00000| Untracked 
|  81|0x0000000086d00000, 0x0000000086d00000, 0x0000000086e00000|  0%| F|  |TAMS 0x0000000086d00000, 0x0000000086d00000| Untracked 
|  82|0x0000000086e00000, 0x0000000086e00000, 0x0000000086f00000|  0%| F|  |TAMS 0x0000000086e00000, 0x0000000086e00000| Untracked 
|  83|0x0000000086f00000, 0x0000000086f00000, 0x0000000087000000|  0%| F|  |TAMS 0x0000000086f00000, 0x0000000086f00000| Untracked 
|  84|0x0000000087000000, 0x0000000087000000, 0x0000000087100000|  0%| F|  |TAMS 0x0000000087000000, 0x0000000087000000| Untracked 
|  85|0x0000000087100000, 0x0000000087100000, 0x0000000087200000|  0%| F|  |TAMS 0x0000000087100000, 0x0000000087100000| Untracked 
|  86|0x0000000087200000, 0x0000000087200000, 0x0000000087300000|  0%| F|  |TAMS 0x0000000087200000, 0x0000000087200000| Untracked 
|  87|0x0000000087300000, 0x0000000087300000, 0x0000000087400000|  0%| F|  |TAMS 0x0000000087300000, 0x0000000087300000| Untracked 
|  88|0x0000000087400000, 0x0000000087400000, 0x0000000087500000|  0%| F|  |TAMS 0x0000000087400000, 0x0000000087400000| Untracked 
|  89|0x0000000087500000, 0x0000000087500000, 0x0000000087600000|  0%| F|  |TAMS 0x0000000087500000, 0x0000000087500000| Untracked 
|  90|0x0000000087600000, 0x0000000087600000, 0x0000000087700000|  0%| F|  |TAMS 0x0000000087600000, 0x0000000087600000| Untracked 
|  91|0x0000000087700000, 0x0000000087700000, 0x0000000087800000|  0%| F|  |TAMS 0x0000000087700000, 0x0000000087700000| Untracked 
|  92|0x0000000087800000, 0x0000000087800000, 0x0000000087900000|  0%| F|  |TAMS 0x0000000087800000, 0x0000000087800000| Untracked 
|  93|0x0000000087900000, 0x0000000087900000, 0x0000000087a00000|  0%| F|  |TAMS 0x0000000087900000, 0x0000000087900000| Untracked 
|  94|0x0000000087a00000, 0x0000000087a00000, 0x0000000087b00000|  0%| F|  |TAMS 0x0000000087a00000, 0x0000000087a00000| Untracked 
|  95|0x0000000087b00000, 0x0000000087b00000, 0x0000000087c00000|  0%| F|  |TAMS 0x0000000087b00000, 0x0000000087b00000| Untracked 
|  96|0x0000000087c00000, 0x0000000087c00000, 0x0000000087d00000|  0%| F|  |TAMS 0x0000000087c00000, 0x0000000087c00000| Untracked 
|  97|0x0000000087d00000, 0x0000000087d00000, 0x0000000087e00000|  0%| F|  |TAMS 0x0000000087d00000, 0x0000000087d00000| Untracked 
|  98|0x0000000087e00000, 0x0000000087e00000, 0x0000000087f00000|  0%| F|  |TAMS 0x0000000087e00000, 0x0000000087e00000| Untracked 
|  99|0x0000000087f00000, 0x0000000087f00000, 0x0000000088000000|  0%| F|  |TAMS 0x0000000087f00000, 0x0000000087f00000| Untracked 
| 100|0x0000000088000000, 0x0000000088000000, 0x0000000088100000|  0%| F|  |TAMS 0x0000000088000000, 0x0000000088000000| Untracked 
| 101|0x0000000088100000, 0x0000000088100000, 0x0000000088200000|  0%| F|  |TAMS 0x0000000088100000, 0x0000000088100000| Untracked 
| 102|0x0000000088200000, 0x0000000088200000, 0x0000000088300000|  0%| F|  |TAMS 0x0000000088200000, 0x0000000088200000| Untracked 
| 103|0x0000000088300000, 0x0000000088300000, 0x0000000088400000|  0%| F|  |TAMS 0x0000000088300000, 0x0000000088300000| Untracked 
| 104|0x0000000088400000, 0x0000000088400000, 0x0000000088500000|  0%| F|  |TAMS 0x0000000088400000, 0x0000000088400000| Untracked 
| 105|0x0000000088500000, 0x0000000088500000, 0x0000000088600000|  0%| F|  |TAMS 0x0000000088500000, 0x0000000088500000| Untracked 
| 106|0x0000000088600000, 0x0000000088600000, 0x0000000088700000|  0%| F|  |TAMS 0x0000000088600000, 0x0000000088600000| Untracked 
| 107|0x0000000088700000, 0x0000000088700000, 0x0000000088800000|  0%| F|  |TAMS 0x0000000088700000, 0x0000000088700000| Untracked 
| 108|0x0000000088800000, 0x0000000088800000, 0x0000000088900000|  0%| F|  |TAMS 0x0000000088800000, 0x0000000088800000| Untracked 
| 109|0x0000000088900000, 0x0000000088900000, 0x0000000088a00000|  0%| F|  |TAMS 0x0000000088900000, 0x0000000088900000| Untracked 
| 110|0x0000000088a00000, 0x0000000088a00000, 0x0000000088b00000|  0%| F|  |TAMS 0x0000000088a00000, 0x0000000088a00000| Untracked 
| 111|0x0000000088b00000, 0x0000000088b00000, 0x0000000088c00000|  0%| F|  |TAMS 0x0000000088b00000, 0x0000000088b00000| Untracked 
| 112|0x0000000088c00000, 0x0000000088c00000, 0x0000000088d00000|  0%| F|  |TAMS 0x0000000088c00000, 0x0000000088c00000| Untracked 
| 113|0x0000000088d00000, 0x0000000088d00000, 0x0000000088e00000|  0%| F|  |TAMS 0x0000000088d00000, 0x0000000088d00000| Untracked 
| 114|0x0000000088e00000, 0x0000000088e00000, 0x0000000088f00000|  0%| F|  |TAMS 0x0000000088e00000, 0x0000000088e00000| Untracked 
| 115|0x0000000088f00000, 0x0000000088f00000, 0x0000000089000000|  0%| F|  |TAMS 0x0000000088f00000, 0x0000000088f00000| Untracked 
| 116|0x0000000089000000, 0x0000000089000000, 0x0000000089100000|  0%| F|  |TAMS 0x0000000089000000, 0x0000000089000000| Untracked 
| 117|0x0000000089100000, 0x0000000089100000, 0x0000000089200000|  0%| F|  |TAMS 0x0000000089100000, 0x0000000089100000| Untracked 
| 118|0x0000000089200000, 0x0000000089200000, 0x0000000089300000|  0%| F|  |TAMS 0x0000000089200000, 0x0000000089200000| Untracked 
| 119|0x0000000089300000, 0x0000000089300000, 0x0000000089400000|  0%| F|  |TAMS 0x0000000089300000, 0x0000000089300000| Untracked 
| 120|0x0000000089400000, 0x0000000089400000, 0x0000000089500000|  0%| F|  |TAMS 0x0000000089400000, 0x0000000089400000| Untracked 
| 121|0x0000000089500000, 0x0000000089500000, 0x0000000089600000|  0%| F|  |TAMS 0x0000000089500000, 0x0000000089500000| Untracked 
| 122|0x0000000089600000, 0x0000000089600000, 0x0000000089700000|  0%| F|  |TAMS 0x0000000089600000, 0x0000000089600000| Untracked 
| 123|0x0000000089700000, 0x000000008973a9b0, 0x0000000089800000| 22%| S|CS|TAMS 0x0000000089700000, 0x0000000089700000| Complete 
| 124|0x0000000089800000, 0x0000000089900000, 0x0000000089900000|100%| S|CS|TAMS 0x0000000089800000, 0x0000000089800000| Complete 
| 125|0x0000000089900000, 0x0000000089a00000, 0x0000000089a00000|100%| S|CS|TAMS 0x0000000089900000, 0x0000000089900000| Complete 
| 126|0x0000000089a00000, 0x0000000089b00000, 0x0000000089b00000|100%| S|CS|TAMS 0x0000000089a00000, 0x0000000089a00000| Complete 
| 127|0x0000000089b00000, 0x0000000089c00000, 0x0000000089c00000|100%| S|CS|TAMS 0x0000000089b00000, 0x0000000089b00000| Complete 
| 128|0x0000000089c00000, 0x0000000089d00000, 0x0000000089d00000|100%| S|CS|TAMS 0x0000000089c00000, 0x0000000089c00000| Complete 
| 129|0x0000000089d00000, 0x0000000089e00000, 0x0000000089e00000|100%| S|CS|TAMS 0x0000000089d00000, 0x0000000089d00000| Complete 
| 130|0x0000000089e00000, 0x0000000089e00000, 0x0000000089f00000|  0%| F|  |TAMS 0x0000000089e00000, 0x0000000089e00000| Untracked 
| 131|0x0000000089f00000, 0x0000000089f00000, 0x000000008a000000|  0%| F|  |TAMS 0x0000000089f00000, 0x0000000089f00000| Untracked 
| 132|0x000000008a000000, 0x000000008a000000, 0x000000008a100000|  0%| F|  |TAMS 0x000000008a000000, 0x000000008a000000| Untracked 
| 133|0x000000008a100000, 0x000000008a100000, 0x000000008a200000|  0%| F|  |TAMS 0x000000008a100000, 0x000000008a100000| Untracked 
| 134|0x000000008a200000, 0x000000008a200000, 0x000000008a300000|  0%| F|  |TAMS 0x000000008a200000, 0x000000008a200000| Untracked 
| 135|0x000000008a300000, 0x000000008a300000, 0x000000008a400000|  0%| F|  |TAMS 0x000000008a300000, 0x000000008a300000| Untracked 
| 136|0x000000008a400000, 0x000000008a400000, 0x000000008a500000|  0%| F|  |TAMS 0x000000008a400000, 0x000000008a400000| Untracked 
| 137|0x000000008a500000, 0x000000008a500000, 0x000000008a600000|  0%| F|  |TAMS 0x000000008a500000, 0x000000008a500000| Untracked 
| 138|0x000000008a600000, 0x000000008a600000, 0x000000008a700000|  0%| F|  |TAMS 0x000000008a600000, 0x000000008a600000| Untracked 
| 139|0x000000008a700000, 0x000000008a700000, 0x000000008a800000|  0%| F|  |TAMS 0x000000008a700000, 0x000000008a700000| Untracked 
| 140|0x000000008a800000, 0x000000008a800000, 0x000000008a900000|  0%| F|  |TAMS 0x000000008a800000, 0x000000008a800000| Untracked 
| 141|0x000000008a900000, 0x000000008a900000, 0x000000008aa00000|  0%| F|  |TAMS 0x000000008a900000, 0x000000008a900000| Untracked 
| 142|0x000000008aa00000, 0x000000008aa00000, 0x000000008ab00000|  0%| F|  |TAMS 0x000000008aa00000, 0x000000008aa00000| Untracked 
| 143|0x000000008ab00000, 0x000000008ab00000, 0x000000008ac00000|  0%| F|  |TAMS 0x000000008ab00000, 0x000000008ab00000| Untracked 
| 144|0x000000008ac00000, 0x000000008ac00000, 0x000000008ad00000|  0%| F|  |TAMS 0x000000008ac00000, 0x000000008ac00000| Untracked 
| 145|0x000000008ad00000, 0x000000008ad00000, 0x000000008ae00000|  0%| F|  |TAMS 0x000000008ad00000, 0x000000008ad00000| Untracked 
| 146|0x000000008ae00000, 0x000000008ae00000, 0x000000008af00000|  0%| F|  |TAMS 0x000000008ae00000, 0x000000008ae00000| Untracked 
| 147|0x000000008af00000, 0x000000008af00000, 0x000000008b000000|  0%| F|  |TAMS 0x000000008af00000, 0x000000008af00000| Untracked 
| 148|0x000000008b000000, 0x000000008b000000, 0x000000008b100000|  0%| F|  |TAMS 0x000000008b000000, 0x000000008b000000| Untracked 
| 149|0x000000008b100000, 0x000000008b100000, 0x000000008b200000|  0%| F|  |TAMS 0x000000008b100000, 0x000000008b100000| Untracked 
| 150|0x000000008b200000, 0x000000008b200000, 0x000000008b300000|  0%| F|  |TAMS 0x000000008b200000, 0x000000008b200000| Untracked 
| 151|0x000000008b300000, 0x000000008b300000, 0x000000008b400000|  0%| F|  |TAMS 0x000000008b300000, 0x000000008b300000| Untracked 
| 152|0x000000008b400000, 0x000000008b400000, 0x000000008b500000|  0%| F|  |TAMS 0x000000008b400000, 0x000000008b400000| Untracked 
| 153|0x000000008b500000, 0x000000008b500000, 0x000000008b600000|  0%| F|  |TAMS 0x000000008b500000, 0x000000008b500000| Untracked 

Card table byte_map: [0x000002c5b8a20000,0x000002c5b8e20000] _byte_map_base: 0x000002c5b8612000

Marking Bits (Prev, Next): (CMBitMap*) 0x000002c59ecee7c8, (CMBitMap*) 0x000002c59ecee800
 Prev Bits: [0x000002c5b9220000, 0x000002c5bb1b0000)
 Next Bits: [0x000002c5bb1b0000, 0x000002c5bd140000)

Polling page: 0x000002c59ede0000

Metaspace:

Usage:
  Non-class:     50.86 MB capacity,    49.80 MB ( 98%) used,   866.44 KB (  2%) free+waste,   217.44 KB ( <1%) overhead. 
      Class:      8.23 MB capacity,     7.52 MB ( 91%) used,   612.99 KB (  7%) free+waste,   106.56 KB (  1%) overhead. 
       Both:     59.09 MB capacity,    57.32 MB ( 97%) used,     1.44 MB (  2%) free+waste,   324.00 KB ( <1%) overhead. 

Virtual space:
  Non-class space:       52.00 MB reserved,      50.88 MB ( 98%) committed 
      Class space:        1.00 GB reserved,       8.27 MB ( <1%) committed 
             Both:        1.05 GB reserved,      59.15 MB (  5%) committed 

Chunk freelists:
   Non-Class:  2.63 KB
       Class:  2.88 KB
        Both:  5.50 KB

CodeHeap 'non-profiled nmethods': size=238336Kb used=7421Kb max_used=7421Kb free=230914Kb
 bounds [0x000002c5a9a20000, 0x000002c5aa160000, 0x000002c5b82e0000]
CodeHeap 'non-nmethods': size=7424Kb used=1213Kb max_used=1213Kb free=6210Kb
 bounds [0x000002c5a92e0000, 0x000002c5a9550000, 0x000002c5a9a20000]
 total_blobs=5444 nmethods=4866 adapters=504
 compilation: enabled
              stopped_count=0, restarted_count=0
 full_count=0

Compilation events (10 events):
Event: 6.811 Thread 0x000002c5bfba7800 4863       1       java.net.AbstractPlainSocketImpl::getTimeout (5 bytes)
Event: 6.811 Thread 0x000002c5bfba7800 nmethod 4863 0x000002c5aa15e110 code [0x000002c5aa15e2a0, 0x000002c5aa15e358]
Event: 6.811 Thread 0x000002c5bfba7800 4864       1       java.net.AbstractPlainSocketImpl::isConnectionReset (5 bytes)
Event: 6.811 Thread 0x000002c5bfba7800 nmethod 4864 0x000002c5aa15e410 code [0x000002c5aa15e5a0, 0x000002c5aa15e658]
Event: 6.812 Thread 0x000002c5bfba7800 4865   !   1       java.net.AbstractPlainSocketImpl::acquireFD (29 bytes)
Event: 6.812 Thread 0x000002c5bfba7800 nmethod 4865 0x000002c5aa15e710 code [0x000002c5aa15e8a0, 0x000002c5aa15eaf8]
Event: 6.812 Thread 0x000002c5bfba7800 4866   !   1       java.net.AbstractPlainSocketImpl::releaseFD (74 bytes)
Event: 6.812 Thread 0x000002c5bfba7800 nmethod 4866 0x000002c5aa15eb90 code [0x000002c5aa15ed40, 0x000002c5aa15f0c8]
Event: 6.814 Thread 0x000002c5bfba7800 4867       1       sun.util.logging.internal.LoggingProviderImpl$JULWrapper::toJUL (40 bytes)
Event: 6.814 Thread 0x000002c5bfba7800 nmethod 4867 0x000002c5aa15f210 code [0x000002c5aa15f3c0, 0x000002c5aa15f4b8]

GC Heap History (10 events):
Event: 3.782 GC heap after
{Heap after GC invocations=6 (full 0):
 garbage-first heap   total 131072K, used 13821K [0x0000000081c00000, 0x0000000100000000)
  region size 1024K, 6 young (6144K), 6 survivors (6144K)
 Metaspace       used 29770K, capacity 30848K, committed 31100K, reserved 1077248K
  class space    used 3706K, capacity 4186K, committed 4300K, reserved 1048576K
}
Event: 4.405 GC heap before
{Heap before GC invocations=6 (full 0):
 garbage-first heap   total 131072K, used 84477K [0x0000000081c00000, 0x0000000100000000)
  region size 1024K, 76 young (77824K), 6 survivors (6144K)
 Metaspace       used 33953K, capacity 35348K, committed 35452K, reserved 1079296K
  class space    used 4257K, capacity 4808K, committed 4812K, reserved 1048576K
}
Event: 4.416 GC heap after
{Heap after GC invocations=7 (full 0):
 garbage-first heap   total 157696K, used 16099K [0x0000000081c00000, 0x0000000100000000)
  region size 1024K, 8 young (8192K), 8 survivors (8192K)
 Metaspace       used 33953K, capacity 35348K, committed 35452K, reserved 1079296K
  class space    used 4257K, capacity 4808K, committed 4812K, reserved 1048576K
}
Event: 4.490 GC heap before
{Heap before GC invocations=7 (full 0):
 garbage-first heap   total 157696K, used 20195K [0x0000000081c00000, 0x0000000100000000)
  region size 1024K, 13 young (13312K), 8 survivors (8192K)
 Metaspace       used 34652K, capacity 35986K, committed 36048K, reserved 1081344K
  class space    used 4368K, capacity 4914K, committed 4940K, reserved 1048576K
}
Event: 4.497 GC heap after
{Heap after GC invocations=8 (full 0):
 garbage-first heap   total 157696K, used 16536K [0x0000000081c00000, 0x0000000100000000)
  region size 1024K, 6 young (6144K), 6 survivors (6144K)
 Metaspace       used 34652K, capacity 35986K, committed 36048K, reserved 1081344K
  class space    used 4368K, capacity 4914K, committed 4940K, reserved 1048576K
}
Event: 5.642 GC heap before
{Heap before GC invocations=9 (full 0):
 garbage-first heap   total 157696K, used 101528K [0x0000000081c00000, 0x0000000100000000)
  region size 1024K, 89 young (91136K), 6 survivors (6144K)
 Metaspace       used 47700K, capacity 49141K, committed 49308K, reserved 1091584K
  class space    used 6237K, capacity 6799K, committed 6936K, reserved 1048576K
}
Event: 5.649 GC heap after
{Heap after GC invocations=10 (full 0):
 garbage-first heap   total 157696K, used 19314K [0x0000000081c00000, 0x0000000100000000)
  region size 1024K, 9 young (9216K), 9 survivors (9216K)
 Metaspace       used 47700K, capacity 49141K, committed 49308K, reserved 1091584K
  class space    used 6237K, capacity 6799K, committed 6936K, reserved 1048576K
}
Event: 6.562 GC heap before
{Heap before GC invocations=10 (full 0):
 garbage-first heap   total 157696K, used 104306K [0x0000000081c00000, 0x0000000100000000)
  region size 1024K, 92 young (94208K), 9 survivors (9216K)
 Metaspace       used 56342K, capacity 58088K, committed 58140K, reserved 1099776K
  class space    used 7375K, capacity 8064K, committed 8088K, reserved 1048576K
}
Event: 6.572 GC heap after
{Heap after GC invocations=11 (full 0):
 garbage-first heap   total 157696K, used 24117K [0x0000000081c00000, 0x0000000100000000)
  region size 1024K, 11 young (11264K), 11 survivors (11264K)
 Metaspace       used 56342K, capacity 58088K, committed 58140K, reserved 1099776K
  class space    used 7375K, capacity 8064K, committed 8088K, reserved 1048576K
}
Event: 6.988 GC heap before
{Heap before GC invocations=11 (full 0):
 garbage-first heap   total 157696K, used 47669K [0x0000000081c00000, 0x0000000100000000)
  region size 1024K, 35 young (35840K), 11 survivors (11264K)
 Metaspace       used 58700K, capacity 60504K, committed 60572K, reserved 1101824K
  class space    used 7705K, capacity 8425K, committed 8472K, reserved 1048576K
}

Deoptimization events (0 events):
No events

Classes redefined (0 events):
No events

Internal exceptions (10 events):
Event: 6.589 Thread 0x000002c5a0e5b000 Exception <a 'java/lang/ClassNotFoundException'{0x000000008b3661a8}: org/springframework/context/annotation/ImportAwareCustomizer> (0x000000008b3661a8) thrown at [./open/src/hotspot/share/classfile/systemDictionary.cpp, line 228]
Event: 6.590 Thread 0x000002c5a0e5b000 Exception <a 'java/lang/ClassNotFoundException'{0x000000008b374110}: org/springframework/beans/factory/AwareCustomizer> (0x000000008b374110) thrown at [./open/src/hotspot/share/classfile/systemDictionary.cpp, line 228]
Event: 6.590 Thread 0x000002c5a0e5b000 Exception <a 'java/lang/ClassNotFoundException'{0x000000008b3831a8}: org/springframework/beans/factory/BeanClassLoaderAwareCustomizer> (0x000000008b3831a8) thrown at [./open/src/hotspot/share/classfile/systemDictionary.cpp, line 228]
Event: 6.590 Thread 0x000002c5a0e5b000 Exception <a 'java/lang/ClassNotFoundException'{0x000000008b391120}: org/springframework/beans/factory/AwareCustomizer> (0x000000008b391120) thrown at [./open/src/hotspot/share/classfile/systemDictionary.cpp, line 228]
Event: 6.728 Thread 0x000002c5a0e5b000 Exception <a 'java/lang/ClassNotFoundException'{0x000000008a7e5690}: java/lang/ObjectCustomizer> (0x000000008a7e5690) thrown at [./open/src/hotspot/share/classfile/systemDictionary.cpp, line 228]
Event: 6.728 Thread 0x000002c5a0e5b000 Exception <a 'java/lang/ClassNotFoundException'{0x000000008a7fbbe8}: org/springframework/security/config/annotation/web/configuration/HttpSecurityConfigurationCustomizer> (0x000000008a7fbbe8) thrown at [./open/src/hotspot/share/classfile/systemDictionary.
Event: 6.761 Thread 0x000002c5a0e5b000 Exception <a 'java/lang/NoSuchMethodError'{0x000000008a592330}: java.lang.invoke.DirectMethodHandle$Holder.invokeSpecial(Ljava/lang/Object;Ljava/lang/Object;ILjava/lang/Object;ILjava/lang/Object;)Ljava/lang/Object;> (0x000000008a592330) thrown at [./open/
Event: 6.761 Thread 0x000002c5a0e5b000 Exception <a 'java/lang/NoSuchMethodError'{0x000000008a599810}: java.lang.invoke.DirectMethodHandle$Holder.invokeStatic(Ljava/lang/Object;Ljava/lang/Object;ILjava/lang/Object;I)Ljava/lang/Object;> (0x000000008a599810) thrown at [./open/src/hotspot/share/i
Event: 6.761 Thread 0x000002c5a0e5b000 Exception <a 'java/lang/NoSuchMethodError'{0x000000008a59cfe8}: java.lang.invoke.DirectMethodHandle$Holder.invokeSpecial(Ljava/lang/Object;Ljava/lang/Object;Ljava/lang/Object;ILjava/lang/Object;I)Ljava/lang/Object;> (0x000000008a59cfe8) thrown at [./open/
Event: 6.762 Thread 0x000002c5a0e5b000 Exception <a 'java/lang/NoSuchMethodError'{0x000000008a5a8000}: java.lang.invoke.DirectMethodHandle$Holder.invokeVirtual(Ljava/lang/Object;Ljava/lang/Object;)V> (0x000000008a5a8000) thrown at [./open/src/hotspot/share/interpreter/linkResolver.cpp, line 77

Events (10 events):
Event: 6.984 loading class org/apache/tomcat/util/log/UserDataHelper$Config done
Event: 6.985 loading class org/apache/coyote/RequestInfo
Event: 6.985 loading class org/apache/coyote/RequestInfo done
Event: 6.986 loading class org/apache/coyote/ErrorState
Event: 6.986 loading class org/apache/coyote/ErrorState done
Event: 6.987 loading class org/apache/coyote/AsyncStateMachine
Event: 6.987 loading class org/apache/coyote/AsyncStateMachine done
Event: 6.988 loading class org/apache/coyote/AsyncStateMachine$AsyncState
Event: 6.988 loading class org/apache/coyote/AsyncStateMachine$AsyncState done
Event: 6.988 Executing VM operation: CollectForMetadataAllocation


Dynamic libraries:
0x00007ff662fc0000 - 0x00007ff662fcf000 	C:\Program Files\Java\jdk-11.0.10\bin\java.exe
0x00007ffd2f570000 - 0x00007ffd2f765000 	C:\WINDOWS\SYSTEM32\ntdll.dll
0x00007ffd2d650000 - 0x00007ffd2d70d000 	C:\WINDOWS\System32\KERNEL32.DLL
0x00007ffd2d170000 - 0x00007ffd2d439000 	C:\WINDOWS\System32\KERNELBASE.dll
0x00007ffd2cd50000 - 0x00007ffd2ce50000 	C:\WINDOWS\System32\ucrtbase.dll
0x00007ffd18d90000 - 0x00007ffd18da8000 	C:\Program Files\Java\jdk-11.0.10\bin\jli.dll
0x00007ffd2efc0000 - 0x00007ffd2f06c000 	C:\WINDOWS\System32\ADVAPI32.dll
0x00007ffd2e8a0000 - 0x00007ffd2e93e000 	C:\WINDOWS\System32\msvcrt.dll
0x00007ffd2e670000 - 0x00007ffd2e70c000 	C:\WINDOWS\System32\sechost.dll
0x00007ffd2ee90000 - 0x00007ffd2efbb000 	C:\WINDOWS\System32\RPCRT4.dll
0x00007ffd2d820000 - 0x00007ffd2d9c0000 	C:\WINDOWS\System32\USER32.dll
0x00007ffd2c0d0000 - 0x00007ffd2c36a000 	C:\WINDOWS\WinSxS\amd64_microsoft.windows.common-controls_6595b64144ccf1df_6.0.19041.844_none_ca00b6081b84eb1d\COMCTL32.dll
0x00007ffd2d5a0000 - 0x00007ffd2d5c2000 	C:\WINDOWS\System32\win32u.dll
0x00007ffd2e9a0000 - 0x00007ffd2e9ca000 	C:\WINDOWS\System32\GDI32.dll
0x00007ffd2cfb0000 - 0x00007ffd2d0bb000 	C:\WINDOWS\System32\gdi32full.dll
0x00007ffd2ccb0000 - 0x00007ffd2cd4d000 	C:\WINDOWS\System32\msvcp_win.dll
0x00007ffd24ae0000 - 0x00007ffd24aea000 	C:\WINDOWS\SYSTEM32\VERSION.dll
0x00007ffd216b0000 - 0x00007ffd216c5000 	C:\Program Files\Java\jdk-11.0.10\bin\VCRUNTIME140.dll
0x00007ffd2e800000 - 0x00007ffd2e830000 	C:\WINDOWS\System32\IMM32.DLL
0x00007ffd12c70000 - 0x00007ffd12d0b000 	C:\Program Files\Java\jdk-11.0.10\bin\msvcp140.dll
0x00007ffce9b90000 - 0x00007ffcea68b000 	C:\Program Files\Java\jdk-11.0.10\bin\server\jvm.dll
0x00007ffd2e7f0000 - 0x00007ffd2e7f8000 	C:\WINDOWS\System32\PSAPI.DLL
0x00007ffd17e70000 - 0x00007ffd17e79000 	C:\WINDOWS\SYSTEM32\WSOCK32.dll
0x00007ffd19630000 - 0x00007ffd19657000 	C:\WINDOWS\SYSTEM32\WINMM.dll
0x00007ffd2e830000 - 0x00007ffd2e89b000 	C:\WINDOWS\System32\WS2_32.dll
0x00007ffd2af40000 - 0x00007ffd2af52000 	C:\WINDOWS\SYSTEM32\kernel.appcore.dll
0x00007ffd27f50000 - 0x00007ffd27f60000 	C:\Program Files\Java\jdk-11.0.10\bin\verify.dll
0x00007ffd2c6e0000 - 0x00007ffd2c8c4000 	C:\WINDOWS\SYSTEM32\DBGHELP.DLL
0x00007ffd2c490000 - 0x00007ffd2c4bc000 	C:\WINDOWS\SYSTEM32\dbgcore.DLL
0x00007ffd2d440000 - 0x00007ffd2d4c0000 	C:\WINDOWS\System32\bcryptPrimitives.dll
0x00007ffd18d60000 - 0x00007ffd18d88000 	C:\Program Files\Java\jdk-11.0.10\bin\java.dll
0x00007ffd27c90000 - 0x00007ffd27c9a000 	C:\Program Files\Java\jdk-11.0.10\bin\jimage.dll
0x00007ffd24330000 - 0x00007ffd2433e000 	C:\Program Files\Java\jdk-11.0.10\bin\instrument.dll
0x00007ffd18d40000 - 0x00007ffd18d56000 	C:\Program Files\Java\jdk-11.0.10\bin\zip.dll
0x00007ffd2d9c0000 - 0x00007ffd2e102000 	C:\WINDOWS\System32\SHELL32.dll
0x00007ffd2a5e0000 - 0x00007ffd2ad70000 	C:\WINDOWS\SYSTEM32\windows.storage.dll
0x00007ffd2eb30000 - 0x00007ffd2ee85000 	C:\WINDOWS\System32\combase.dll
0x00007ffd2c030000 - 0x00007ffd2c05c000 	C:\WINDOWS\SYSTEM32\Wldp.dll
0x00007ffd2f480000 - 0x00007ffd2f52e000 	C:\WINDOWS\System32\SHCORE.dll
0x00007ffd2d710000 - 0x00007ffd2d765000 	C:\WINDOWS\System32\shlwapi.dll
0x00007ffd2cbf0000 - 0x00007ffd2cc0f000 	C:\WINDOWS\SYSTEM32\profapi.dll
0x00007ffd12c50000 - 0x00007ffd12c69000 	C:\Program Files\Java\jdk-11.0.10\bin\net.dll
0x00007ffd19a40000 - 0x00007ffd19b4c000 	C:\WINDOWS\SYSTEM32\WINHTTP.dll
0x00007ffd2bdb0000 - 0x00007ffd2be1a000 	C:\WINDOWS\system32\mswsock.dll
0x00007ffd12c30000 - 0x00007ffd12c42000 	C:\Program Files\Java\jdk-11.0.10\bin\nio.dll
0x00007ffd0d870000 - 0x00007ffd0d88a000 	C:\Program Files\JetBrains\IntelliJ IDEA 2020.2\bin\breakgen64.dll
0x00007ffd2bae0000 - 0x00007ffd2bbab000 	C:\WINDOWS\SYSTEM32\DNSAPI.dll
0x00007ffd2baa0000 - 0x00007ffd2badb000 	C:\WINDOWS\SYSTEM32\IPHLPAPI.DLL
0x00007ffd2f190000 - 0x00007ffd2f198000 	C:\WINDOWS\System32\NSI.dll
0x00007ffd22cd0000 - 0x00007ffd22cda000 	C:\Windows\System32\rasadhlp.dll
0x00007ffd19900000 - 0x00007ffd1997f000 	C:\WINDOWS\System32\fwpuclnt.dll
0x00007ffd2d4c0000 - 0x00007ffd2d4e7000 	C:\WINDOWS\System32\bcrypt.dll
0x00007ffd24190000 - 0x00007ffd24199000 	C:\Program Files\Java\jdk-11.0.10\bin\management.dll
0x00007ffd23c50000 - 0x00007ffd23c5b000 	C:\Program Files\Java\jdk-11.0.10\bin\management_ext.dll
0x00007ffd2ca40000 - 0x00007ffd2ca58000 	C:\WINDOWS\SYSTEM32\CRYPTSP.dll
0x00007ffd2b770000 - 0x00007ffd2b7a4000 	C:\WINDOWS\system32\rsaenh.dll
0x00007ffd2cb70000 - 0x00007ffd2cb9e000 	C:\WINDOWS\SYSTEM32\USERENV.dll
0x00007ffd2be70000 - 0x00007ffd2be7c000 	C:\WINDOWS\SYSTEM32\CRYPTBASE.dll
0x00007ffd216d0000 - 0x00007ffd216e7000 	C:\WINDOWS\SYSTEM32\dhcpcsvc6.DLL
0x00007ffd21670000 - 0x00007ffd2168d000 	C:\WINDOWS\SYSTEM32\dhcpcsvc.DLL
0x00007ffd13330000 - 0x00007ffd13347000 	C:\WINDOWS\system32\napinsp.dll
0x00007ffd12fc0000 - 0x00007ffd12fdb000 	C:\WINDOWS\system32\pnrpnsp.dll
0x00007ffd27b30000 - 0x00007ffd27b4d000 	C:\WINDOWS\system32\NLAapi.dll
0x00007ffd27380000 - 0x00007ffd27395000 	C:\WINDOWS\system32\wshbth.dll
0x00007ffd12fa0000 - 0x00007ffd12fb2000 	C:\WINDOWS\System32\winrnr.dll

dbghelp: loaded successfully - version: 4.0.5 - missing functions: none
symbol engine: initialized successfully - sym options: 0x614 - pdb path: .;C:\Program Files\Java\jdk-11.0.10\bin;C:\WINDOWS\SYSTEM32;C:\WINDOWS\WinSxS\amd64_microsoft.windows.common-controls_6595b64144ccf1df_6.0.19041.844_none_ca00b6081b84eb1d;C:\Program Files\Java\jdk-11.0.10\bin\server;C:\Program Files\JetBrains\IntelliJ IDEA 2020.2\bin

VM Arguments:
jvm_args: -XX:TieredStopAtLevel=1 -Xverify:none -Dspring.output.ansi.enabled=always -Dcom.sun.management.jmxremote -Dspring.jmx.enabled=true -Dspring.liveBeansView.mbeanDomain -Dspring.application.admin.enabled=true -javaagent:C:\Program Files\JetBrains\IntelliJ IDEA 2020.2\lib\idea_rt.jar=2783:C:\Program Files\JetBrains\IntelliJ IDEA 2020.2\bin -Dfile.encoding=UTF-8 
java_command: com.brtvsk.lab4.Lab4Application
java_class_path (initial): C:\Users\Vadym\Documents\java-ee\lab-4\target\classes;C:\Users\Vadym\.m2\repository\org\springframework\boot\spring-boot-starter-thymeleaf\2.4.3\spring-boot-starter-thymeleaf-2.4.3.jar;C:\Users\Vadym\.m2\repository\org\springframework\boot\spring-boot-starter\2.4.3\spring-boot-starter-2.4.3.jar;C:\Users\Vadym\.m2\repository\org\springframework\boot\spring-boot\2.4.3\spring-boot-2.4.3.jar;C:\Users\Vadym\.m2\repository\org\springframework\boot\spring-boot-autoconfigure\2.4.3\spring-boot-autoconfigure-2.4.3.jar;C:\Users\Vadym\.m2\repository\org\springframework\boot\spring-boot-starter-logging\2.4.3\spring-boot-starter-logging-2.4.3.jar;C:\Users\Vadym\.m2\repository\ch\qos\logback\logback-classic\1.2.3\logback-classic-1.2.3.jar;C:\Users\Vadym\.m2\repository\ch\qos\logback\logback-core\1.2.3\logback-core-1.2.3.jar;C:\Users\Vadym\.m2\repository\org\apache\logging\log4j\log4j-to-slf4j\2.13.3\log4j-to-slf4j-2.13.3.jar;C:\Users\Vadym\.m2\repository\org\apache\logging\log4j\log4j-api\2.13.3\log4j-api-2.13.3.jar;C:\Users\Vadym\.m2\repository\org\slf4j\jul-to-slf4j\1.7.30\jul-to-slf4j-1.7.30.jar;C:\Users\Vadym\.m2\repository\jakarta\annotation\jakarta.annotation-api\1.3.5\jakarta.annotation-api-1.3.5.jar;C:\Users\Vadym\.m2\repository\org\yaml\snakeyaml\1.27\snakeyaml-1.27.jar;C:\Users\Vadym\.m2\repository\org\thymeleaf\thymeleaf-spring5\3.0.12.RELEASE\thymeleaf-spring5-3.0.12.RELEASE.jar;C:\Users\Vadym\.m2\repository\org\thymeleaf\thymeleaf\3.0.12.RELEASE\thymeleaf-3.0.12.RELEASE.jar;C:\Users\Vadym\.m2\repository\org\attoparser\attoparser\2.0.5.RELEASE\attoparser-2.0.5.RELEASE.jar;C:\Users\Vadym\.m2\repository\org\unbescape\unbescape\1.1.6.RELEASE\unbescape-1.1.6.RELEASE.jar;C:\Users\Vadym\.m2\repository\org\thymeleaf\extras\thymeleaf-extras-java8time\3.0.4.RELEASE\thymeleaf-extras-java8time-3.0.4.RELEASE.jar;C:\Users\Vadym\.m2\repository\org\springframework\boot\spring-boot-starter-web\2.4.3\spring-boot-starter-web-2.4.3.jar;C:\Users\Vadym\.m2\repo
Launcher Type: SUN_STANDARD

[Global flags]
     bool BytecodeVerificationLocal                = false                                     {product} {command line}
     bool BytecodeVerificationRemote               = false                                     {product} {command line}
     intx CICompilerCount                          = 4                                         {product} {ergonomic}
     uint ConcGCThreads                            = 2                                         {product} {ergonomic}
     uint G1ConcRefinementThreads                  = 8                                         {product} {ergonomic}
   size_t G1HeapRegionSize                         = 1048576                                   {product} {ergonomic}
    uintx GCDrainStackTargetSize                   = 64                                        {product} {ergonomic}
   size_t InitialHeapSize                          = 134217728                                 {product} {ergonomic}
     bool ManagementServer                         = true                                      {product} {command line}
   size_t MarkStackSize                            = 4194304                                   {product} {ergonomic}
   size_t MaxHeapSize                              = 2118123520                                {product} {ergonomic}
   size_t MaxNewSize                               = 1270874112                                {product} {ergonomic}
   size_t MinHeapDeltaBytes                        = 1048576                                   {product} {ergonomic}
    uintx NonNMethodCodeHeapSize                   = 7549744                                {pd product} {ergonomic}
    uintx NonProfiledCodeHeapSize                  = 244108496                              {pd product} {ergonomic}
    uintx ProfiledCodeHeapSize                     = 0                                      {pd product} {ergonomic}
    uintx ReservedCodeCacheSize                    = 251658240                              {pd product} {ergonomic}
     bool SegmentedCodeCache                       = true                                      {product} {ergonomic}
     intx TieredStopAtLevel                        = 1                                         {product} {command line}
     bool UseCompressedClassPointers               = true                                 {lp64_product} {ergonomic}
     bool UseCompressedOops                        = true                                 {lp64_product} {ergonomic}
     bool UseG1GC                                  = true                                      {product} {ergonomic}
     bool UseLargePagesIndividualAllocation        = false                                  {pd product} {ergonomic}

Logging:
Log output configuration:
 #0: stdout all=warning uptime,level,tags
 #1: stderr all=off uptime,level,tags

Environment Variables:
JAVA_HOME=C:\Program Files\Java\jdk1.8.0_261
PATH=C:\Program Files\Common Files\Oracle\Java\javapath;C:\Python38\Scripts\;C:\Python38\;C:\Program Files\Haskell\bin;C:\Program Files\Haskell Platform\2014.2.0.0\lib\extralibs\bin;C:\Program Files\Haskell Platform\2014.2.0.0\bin;C:\Program Files (x86)\Common Files\Oracle\Java\javapath;C:\Program Files (x86)\Intel\iCLS Client\;C:\Program Files\Intel\iCLS Client\;C:\Windows\system32;C:\Windows;C:\Windows\System32\Wbem;C:\Windows\System32\WindowsPowerShell\v1.0\;C:\Program Files (x86)\NVIDIA Corporation\PhysX\Common;C:\Program Files (x86)\Intel\Intel(R) Management Engine Components\DAL;C:\Program Files\Intel\Intel(R) Management Engine Components\DAL;C:\Program Files (x86)\Intel\Intel(R) Management Engine Components\IPT;C:\Program Files\Intel\Intel(R) Management Engine Components\IPT;C:\WINDOWS\system32;C:\WINDOWS;C:\WINDOWS\System32\Wbem;C:\WINDOWS\System32\WindowsPowerShell\v1.0\;C:\WINDOWS\System32\OpenSSH\;C:\Program Files\Git\cmd;C:\Program Files\Haskell Platform\2014.2.0.0\mingw\bin;C:\Program Files\nodejs\;C:\ProgramData\chocolatey\bin;C:\Program Files\PostgreSQL\13\bin;C:\Program Files\swipl\bin;C:\Program Files\PuTTY\;C:\Users\Vadym\AppData\Local\Programs\Python\Python39\Scripts\;C:\Users\Vadym\AppData\Local\Programs\Python\Python39\;C:\Users\Vadym\AppData\Local\Programs\Python\Python38-32\Scripts\;C:\Users\Vadym\AppData\Local\Programs\Python\Python38-32\;C:\Users\Vadym\AppData\Roaming\local\bin;C:\Users\Vadym\AppData\Roaming\cabal\bin;C:\Users\Vadym\AppData\Local\Microsoft\WindowsApps;C:\Users\Vadym\AppData\Local\atom\bin;C:\Users\Vadym\AppData\Roaming\npm;C:\src\flutter\bin;C:\Program Files (x86)\Nmap;D:\Programs\Microsoft VS Code\bin
USERNAME=Vadym
OS=Windows_NT
PROCESSOR_IDENTIFIER=Intel64 Family 6 Model 142 Stepping 10, GenuineIntel



---------------  S Y S T E M  ---------------

OS: Windows 10 , 64 bit Build 19041 (10.0.19041.804)

CPU:total 8 (initial active 8) (4 cores per cpu, 2 threads per core) family 6 model 142 stepping 10 microcode 0xe0, cmov, cx8, fxsr, mmx, sse, sse2, sse3, ssse3, sse4.1, sse4.2, popcnt, avx, avx2, aes, clmul, erms, 3dnowpref, lzcnt, ht, tsc, tscinvbit, bmi1, bmi2, adx, fma

Memory: 4k page, system-wide physical 8074M (858M free)
TotalPageFile size 12272M (AvailPageFile size 11M)
current process WorkingSet (physical memory assigned to process): 249M, peak: 249M
current process commit charge ("private bytes"): 319M, peak: 350M

vm_info: Java HotSpot(TM) 64-Bit Server VM (11.0.10+8-LTS-162) for windows-amd64 JRE (11.0.10+8-LTS-162), built on Dec  8 2020 16:32:57 by "mach5one" with MS VC++ 15.9 (VS2017)

END.
